The system is: Linux - 3.13.0-76-generic - x86_64
Compiling the C compiler identification source file "CMakeCCompilerId.c" succeeded.
Compiler: /usr/bin/cc 
Build flags: 
Id flags: 

The output was:
0


Compilation of the C compiler identification source "CMakeCCompilerId.c" produced "a.out"

The C compiler identification is GNU, found in "/home/maro/stuff/cUnitTest/cmocka-1.0.0/build/CMakeFiles/2.8.12.2/CompilerIdC/a.out"

Determining if the C compiler works passed with the following output:
Change Dir: /home/maro/stuff/cUnitTest/cmocka-1.0.0/build/CMakeFiles/CMakeTmp

Run Build Command:/usr/bin/make "cmTryCompileExec801370215/fast"
/usr/bin/make -f CMakeFiles/cmTryCompileExec801370215.dir/build.make CMakeFiles/cmTryCompileExec801370215.dir/build
make[1]: Entering directory `/home/maro/stuff/cUnitTest/cmocka-1.0.0/build/CMakeFiles/CMakeTmp'
/usr/bin/cmake -E cmake_progress_report /home/maro/stuff/cUnitTest/cmocka-1.0.0/build/CMakeFiles/CMakeTmp/CMakeFiles 1
Building C object CMakeFiles/cmTryCompileExec801370215.dir/testCCompiler.c.o
/usr/bin/cc    -o CMakeFiles/cmTryCompileExec801370215.dir/testCCompiler.c.o   -c /home/maro/stuff/cUnitTest/cmocka-1.0.0/build/CMakeFiles/CMakeTmp/testCCompiler.c
Linking C executable cmTryCompileExec801370215
/usr/bin/cmake -E cmake_link_script CMakeFiles/cmTryCompileExec801370215.dir/link.txt --verbose=1
/usr/bin/cc       CMakeFiles/cmTryCompileExec801370215.dir/testCCompiler.c.o  -o cmTryCompileExec801370215 -rdynamic 
make[1]: Leaving directory `/home/maro/stuff/cUnitTest/cmocka-1.0.0/build/CMakeFiles/CMakeTmp'


Detecting C compiler ABI info compiled with the following output:
Change Dir: /home/maro/stuff/cUnitTest/cmocka-1.0.0/build/CMakeFiles/CMakeTmp

Run Build Command:/usr/bin/make "cmTryCompileExec665332024/fast"
/usr/bin/make -f CMakeFiles/cmTryCompileExec665332024.dir/build.make CMakeFiles/cmTryCompileExec665332024.dir/build
make[1]: Entering directory `/home/maro/stuff/cUnitTest/cmocka-1.0.0/build/CMakeFiles/CMakeTmp'
/usr/bin/cmake -E cmake_progress_report /home/maro/stuff/cUnitTest/cmocka-1.0.0/build/CMakeFiles/CMakeTmp/CMakeFiles 1
Building C object CMakeFiles/cmTryCompileExec665332024.dir/CMakeCCompilerABI.c.o
/usr/bin/cc    -o CMakeFiles/cmTryCompileExec665332024.dir/CMakeCCompilerABI.c.o   -c /usr/share/cmake-2.8/Modules/CMakeCCompilerABI.c
Linking C executable cmTryCompileExec665332024
/usr/bin/cmake -E cmake_link_script CMakeFiles/cmTryCompileExec665332024.dir/link.txt --verbose=1
/usr/bin/cc     -v CMakeFiles/cmTryCompileExec665332024.dir/CMakeCCompilerABI.c.o  -o cmTryCompileExec665332024 -rdynamic  
Using built-in specs.
COLLECT_GCC=/usr/bin/cc
COLLECT_LTO_WRAPPER=/usr/lib/gcc/x86_64-linux-gnu/4.8/lto-wrapper
Target: x86_64-linux-gnu
Configured with: ../src/configure -v --with-pkgversion='Ubuntu 4.8.4-2ubuntu1~14.04' --with-bugurl=file:///usr/share/doc/gcc-4.8/README.Bugs --enable-languages=c,c++,java,go,d,fortran,objc,obj-c++ --prefix=/usr --program-suffix=-4.8 --enable-shared --enable-linker-build-id --libexecdir=/usr/lib --without-included-gettext --enable-threads=posix --with-gxx-include-dir=/usr/include/c++/4.8 --libdir=/usr/lib --enable-nls --with-sysroot=/ --enable-clocale=gnu --enable-libstdcxx-debug --enable-libstdcxx-time=yes --enable-gnu-unique-object --disable-libmudflap --enable-plugin --with-system-zlib --disable-browser-plugin --enable-java-awt=gtk --enable-gtk-cairo --with-java-home=/usr/lib/jvm/java-1.5.0-gcj-4.8-amd64/jre --enable-java-home --with-jvm-root-dir=/usr/lib/jvm/java-1.5.0-gcj-4.8-amd64 --with-jvm-jar-dir=/usr/lib/jvm-exports/java-1.5.0-gcj-4.8-amd64 --with-arch-directory=amd64 --with-ecj-jar=/usr/share/java/eclipse-ecj.jar --enable-objc-gc --enable-multiarch --disable-werror --with-arch-32=i686 --with-abi=m64 --with-multilib-list=m32,m64,mx32 --with-tune=generic --enable-checking=release --build=x86_64-linux-gnu --host=x86_64-linux-gnu --target=x86_64-linux-gnu
Thread model: posix
gcc version 4.8.4 (Ubuntu 4.8.4-2ubuntu1~14.04) 
COMPILER_PATH=/usr/lib/gcc/x86_64-linux-gnu/4.8/:/usr/lib/gcc/x86_64-linux-gnu/4.8/:/usr/lib/gcc/x86_64-linux-gnu/:/usr/lib/gcc/x86_64-linux-gnu/4.8/:/usr/lib/gcc/x86_64-linux-gnu/
LIBRARY_PATH=/usr/lib/gcc/x86_64-linux-gnu/4.8/:/usr/lib/gcc/x86_64-linux-gnu/4.8/../../../x86_64-linux-gnu/:/usr/lib/gcc/x86_64-linux-gnu/4.8/../../../../lib/:/lib/x86_64-linux-gnu/:/lib/../lib/:/usr/lib/x86_64-linux-gnu/:/usr/lib/../lib/:/usr/lib/gcc/x86_64-linux-gnu/4.8/../../../:/lib/:/usr/lib/
COLLECT_GCC_OPTIONS='-v' '-o' 'cmTryCompileExec665332024' '-rdynamic' '-mtune=generic' '-march=x86-64'
 /usr/lib/gcc/x86_64-linux-gnu/4.8/collect2 --sysroot=/ --build-id --eh-frame-hdr -m elf_x86_64 --hash-style=gnu --as-needed -export-dynamic -dynamic-linker /lib64/ld-linux-x86-64.so.2 -z relro -o cmTryCompileExec665332024 /usr/lib/gcc/x86_64-linux-gnu/4.8/../../../x86_64-linux-gnu/crt1.o /usr/lib/gcc/x86_64-linux-gnu/4.8/../../../x86_64-linux-gnu/crti.o /usr/lib/gcc/x86_64-linux-gnu/4.8/crtbegin.o -L/usr/lib/gcc/x86_64-linux-gnu/4.8 -L/usr/lib/gcc/x86_64-linux-gnu/4.8/../../../x86_64-linux-gnu -L/usr/lib/gcc/x86_64-linux-gnu/4.8/../../../../lib -L/lib/x86_64-linux-gnu -L/lib/../lib -L/usr/lib/x86_64-linux-gnu -L/usr/lib/../lib -L/usr/lib/gcc/x86_64-linux-gnu/4.8/../../.. CMakeFiles/cmTryCompileExec665332024.dir/CMakeCCompilerABI.c.o -lgcc --as-needed -lgcc_s --no-as-needed -lc -lgcc --as-needed -lgcc_s --no-as-needed /usr/lib/gcc/x86_64-linux-gnu/4.8/crtend.o /usr/lib/gcc/x86_64-linux-gnu/4.8/../../../x86_64-linux-gnu/crtn.o
make[1]: Leaving directory `/home/maro/stuff/cUnitTest/cmocka-1.0.0/build/CMakeFiles/CMakeTmp'


Parsed C implicit link information from above output:
  link line regex: [^( *|.*[/\])(ld|([^/\]+-)?ld|collect2)[^/\]*( |$)]
  ignore line: [Change Dir: /home/maro/stuff/cUnitTest/cmocka-1.0.0/build/CMakeFiles/CMakeTmp]
  ignore line: []
  ignore line: [Run Build Command:/usr/bin/make "cmTryCompileExec665332024/fast"]
  ignore line: [/usr/bin/make -f CMakeFiles/cmTryCompileExec665332024.dir/build.make CMakeFiles/cmTryCompileExec665332024.dir/build]
  ignore line: [make[1]: Entering directory `/home/maro/stuff/cUnitTest/cmocka-1.0.0/build/CMakeFiles/CMakeTmp']
  ignore line: [/usr/bin/cmake -E cmake_progress_report /home/maro/stuff/cUnitTest/cmocka-1.0.0/build/CMakeFiles/CMakeTmp/CMakeFiles 1]
  ignore line: [Building C object CMakeFiles/cmTryCompileExec665332024.dir/CMakeCCompilerABI.c.o]
  ignore line: [/usr/bin/cc    -o CMakeFiles/cmTryCompileExec665332024.dir/CMakeCCompilerABI.c.o   -c /usr/share/cmake-2.8/Modules/CMakeCCompilerABI.c]
  ignore line: [Linking C executable cmTryCompileExec665332024]
  ignore line: [/usr/bin/cmake -E cmake_link_script CMakeFiles/cmTryCompileExec665332024.dir/link.txt --verbose=1]
  ignore line: [/usr/bin/cc     -v CMakeFiles/cmTryCompileExec665332024.dir/CMakeCCompilerABI.c.o  -o cmTryCompileExec665332024 -rdynamic  ]
  ignore line: [Using built-in specs.]
  ignore line: [COLLECT_GCC=/usr/bin/cc]
  ignore line: [COLLECT_LTO_WRAPPER=/usr/lib/gcc/x86_64-linux-gnu/4.8/lto-wrapper]
  ignore line: [Target: x86_64-linux-gnu]
  ignore line: [Configured with: ../src/configure -v --with-pkgversion='Ubuntu 4.8.4-2ubuntu1~14.04' --with-bugurl=file:///usr/share/doc/gcc-4.8/README.Bugs --enable-languages=c,c++,java,go,d,fortran,objc,obj-c++ --prefix=/usr --program-suffix=-4.8 --enable-shared --enable-linker-build-id --libexecdir=/usr/lib --without-included-gettext --enable-threads=posix --with-gxx-include-dir=/usr/include/c++/4.8 --libdir=/usr/lib --enable-nls --with-sysroot=/ --enable-clocale=gnu --enable-libstdcxx-debug --enable-libstdcxx-time=yes --enable-gnu-unique-object --disable-libmudflap --enable-plugin --with-system-zlib --disable-browser-plugin --enable-java-awt=gtk --enable-gtk-cairo --with-java-home=/usr/lib/jvm/java-1.5.0-gcj-4.8-amd64/jre --enable-java-home --with-jvm-root-dir=/usr/lib/jvm/java-1.5.0-gcj-4.8-amd64 --with-jvm-jar-dir=/usr/lib/jvm-exports/java-1.5.0-gcj-4.8-amd64 --with-arch-directory=amd64 --with-ecj-jar=/usr/share/java/eclipse-ecj.jar --enable-objc-gc --enable-multiarch --disable-werror --with-arch-32=i686 --with-abi=m64 --with-multilib-list=m32,m64,mx32 --with-tune=generic --enable-checking=release --build=x86_64-linux-gnu --host=x86_64-linux-gnu --target=x86_64-linux-gnu]
  ignore line: [Thread model: posix]
  ignore line: [gcc version 4.8.4 (Ubuntu 4.8.4-2ubuntu1~14.04) ]
  ignore line: [COMPILER_PATH=/usr/lib/gcc/x86_64-linux-gnu/4.8/:/usr/lib/gcc/x86_64-linux-gnu/4.8/:/usr/lib/gcc/x86_64-linux-gnu/:/usr/lib/gcc/x86_64-linux-gnu/4.8/:/usr/lib/gcc/x86_64-linux-gnu/]
  ignore line: [LIBRARY_PATH=/usr/lib/gcc/x86_64-linux-gnu/4.8/:/usr/lib/gcc/x86_64-linux-gnu/4.8/../../../x86_64-linux-gnu/:/usr/lib/gcc/x86_64-linux-gnu/4.8/../../../../lib/:/lib/x86_64-linux-gnu/:/lib/../lib/:/usr/lib/x86_64-linux-gnu/:/usr/lib/../lib/:/usr/lib/gcc/x86_64-linux-gnu/4.8/../../../:/lib/:/usr/lib/]
  ignore line: [COLLECT_GCC_OPTIONS='-v' '-o' 'cmTryCompileExec665332024' '-rdynamic' '-mtune=generic' '-march=x86-64']
  link line: [ /usr/lib/gcc/x86_64-linux-gnu/4.8/collect2 --sysroot=/ --build-id --eh-frame-hdr -m elf_x86_64 --hash-style=gnu --as-needed -export-dynamic -dynamic-linker /lib64/ld-linux-x86-64.so.2 -z relro -o cmTryCompileExec665332024 /usr/lib/gcc/x86_64-linux-gnu/4.8/../../../x86_64-linux-gnu/crt1.o /usr/lib/gcc/x86_64-linux-gnu/4.8/../../../x86_64-linux-gnu/crti.o /usr/lib/gcc/x86_64-linux-gnu/4.8/crtbegin.o -L/usr/lib/gcc/x86_64-linux-gnu/4.8 -L/usr/lib/gcc/x86_64-linux-gnu/4.8/../../../x86_64-linux-gnu -L/usr/lib/gcc/x86_64-linux-gnu/4.8/../../../../lib -L/lib/x86_64-linux-gnu -L/lib/../lib -L/usr/lib/x86_64-linux-gnu -L/usr/lib/../lib -L/usr/lib/gcc/x86_64-linux-gnu/4.8/../../.. CMakeFiles/cmTryCompileExec665332024.dir/CMakeCCompilerABI.c.o -lgcc --as-needed -lgcc_s --no-as-needed -lc -lgcc --as-needed -lgcc_s --no-as-needed /usr/lib/gcc/x86_64-linux-gnu/4.8/crtend.o /usr/lib/gcc/x86_64-linux-gnu/4.8/../../../x86_64-linux-gnu/crtn.o]
    arg [/usr/lib/gcc/x86_64-linux-gnu/4.8/collect2] ==> ignore
    arg [--sysroot=/] ==> ignore
    arg [--build-id] ==> ignore
    arg [--eh-frame-hdr] ==> ignore
    arg [-m] ==> ignore
    arg [elf_x86_64] ==> ignore
    arg [--hash-style=gnu] ==> ignore
    arg [--as-needed] ==> ignore
    arg [-export-dynamic] ==> ignore
    arg [-dynamic-linker] ==> ignore
    arg [/lib64/ld-linux-x86-64.so.2] ==> ignore
    arg [-zrelro] ==> ignore
    arg [-o] ==> ignore
    arg [cmTryCompileExec665332024] ==> ignore
    arg [/usr/lib/gcc/x86_64-linux-gnu/4.8/../../../x86_64-linux-gnu/crt1.o] ==> ignore
    arg [/usr/lib/gcc/x86_64-linux-gnu/4.8/../../../x86_64-linux-gnu/crti.o] ==> ignore
    arg [/usr/lib/gcc/x86_64-linux-gnu/4.8/crtbegin.o] ==> ignore
    arg [-L/usr/lib/gcc/x86_64-linux-gnu/4.8] ==> dir [/usr/lib/gcc/x86_64-linux-gnu/4.8]
    arg [-L/usr/lib/gcc/x86_64-linux-gnu/4.8/../../../x86_64-linux-gnu] ==> dir [/usr/lib/gcc/x86_64-linux-gnu/4.8/../../../x86_64-linux-gnu]
    arg [-L/usr/lib/gcc/x86_64-linux-gnu/4.8/../../../../lib] ==> dir [/usr/lib/gcc/x86_64-linux-gnu/4.8/../../../../lib]
    arg [-L/lib/x86_64-linux-gnu] ==> dir [/lib/x86_64-linux-gnu]
    arg [-L/lib/../lib] ==> dir [/lib/../lib]
    arg [-L/usr/lib/x86_64-linux-gnu] ==> dir [/usr/lib/x86_64-linux-gnu]
    arg [-L/usr/lib/../lib] ==> dir [/usr/lib/../lib]
    arg [-L/usr/lib/gcc/x86_64-linux-gnu/4.8/../../..] ==> dir [/usr/lib/gcc/x86_64-linux-gnu/4.8/../../..]
    arg [CMakeFiles/cmTryCompileExec665332024.dir/CMakeCCompilerABI.c.o] ==> ignore
    arg [-lgcc] ==> lib [gcc]
    arg [--as-needed] ==> ignore
    arg [-lgcc_s] ==> lib [gcc_s]
    arg [--no-as-needed] ==> ignore
    arg [-lc] ==> lib [c]
    arg [-lgcc] ==> lib [gcc]
    arg [--as-needed] ==> ignore
    arg [-lgcc_s] ==> lib [gcc_s]
    arg [--no-as-needed] ==> ignore
    arg [/usr/lib/gcc/x86_64-linux-gnu/4.8/crtend.o] ==> ignore
    arg [/usr/lib/gcc/x86_64-linux-gnu/4.8/../../../x86_64-linux-gnu/crtn.o] ==> ignore
  remove lib [gcc]
  remove lib [gcc_s]
  remove lib [gcc]
  remove lib [gcc_s]
  collapse library dir [/usr/lib/gcc/x86_64-linux-gnu/4.8] ==> [/usr/lib/gcc/x86_64-linux-gnu/4.8]
  collapse library dir [/usr/lib/gcc/x86_64-linux-gnu/4.8/../../../x86_64-linux-gnu] ==> [/usr/lib/x86_64-linux-gnu]
  collapse library dir [/usr/lib/gcc/x86_64-linux-gnu/4.8/../../../../lib] ==> [/usr/lib]
  collapse library dir [/lib/x86_64-linux-gnu] ==> [/lib/x86_64-linux-gnu]
  collapse library dir [/lib/../lib] ==> [/lib]
  collapse library dir [/usr/lib/x86_64-linux-gnu] ==> [/usr/lib/x86_64-linux-gnu]
  collapse library dir [/usr/lib/../lib] ==> [/usr/lib]
  collapse library dir [/usr/lib/gcc/x86_64-linux-gnu/4.8/../../..] ==> [/usr/lib]
  implicit libs: [c]
  implicit dirs: [/usr/lib/gcc/x86_64-linux-gnu/4.8;/usr/lib/x86_64-linux-gnu;/usr/lib;/lib/x86_64-linux-gnu;/lib]
  implicit fwks: []


Performing C SOURCE FILE Test WITH_FPIC succeded with the following output:
Change Dir: /home/maro/stuff/cUnitTest/cmocka-1.0.0/build/CMakeFiles/CMakeTmp

Run Build Command:/usr/bin/make "cmTryCompileExec788782308/fast"
/usr/bin/make -f CMakeFiles/cmTryCompileExec788782308.dir/build.make CMakeFiles/cmTryCompileExec788782308.dir/build
make[1]: Entering directory `/home/maro/stuff/cUnitTest/cmocka-1.0.0/build/CMakeFiles/CMakeTmp'
/usr/bin/cmake -E cmake_progress_report /home/maro/stuff/cUnitTest/cmocka-1.0.0/build/CMakeFiles/CMakeTmp/CMakeFiles 1
Building C object CMakeFiles/cmTryCompileExec788782308.dir/src.c.o
/usr/bin/cc   -std=gnu99 -pedantic -pedantic-errors -Wall -Wextra -Wshadow -Wmissing-prototypes -Wdeclaration-after-statement -Wunused -Wfloat-equal -Wpointer-arith -Wwrite-strings -Wformat-security -Wmissing-format-attribute -Wundef -DWITH_FPIC   -fPIC -o CMakeFiles/cmTryCompileExec788782308.dir/src.c.o   -c /home/maro/stuff/cUnitTest/cmocka-1.0.0/build/CMakeFiles/CMakeTmp/src.c
Linking C executable cmTryCompileExec788782308
/usr/bin/cmake -E cmake_link_script CMakeFiles/cmTryCompileExec788782308.dir/link.txt --verbose=1
/usr/bin/cc   -std=gnu99 -pedantic -pedantic-errors -Wall -Wextra -Wshadow -Wmissing-prototypes -Wdeclaration-after-statement -Wunused -Wfloat-equal -Wpointer-arith -Wwrite-strings -Wformat-security -Wmissing-format-attribute -Wundef -DWITH_FPIC    CMakeFiles/cmTryCompileExec788782308.dir/src.c.o  -o cmTryCompileExec788782308 -rdynamic 
make[1]: Leaving directory `/home/maro/stuff/cUnitTest/cmocka-1.0.0/build/CMakeFiles/CMakeTmp'

Source file was:
int main(void) { return 0; }
Performing C SOURCE FILE Test WITH_STACK_PROTECTOR succeded with the following output:
Change Dir: /home/maro/stuff/cUnitTest/cmocka-1.0.0/build/CMakeFiles/CMakeTmp

Run Build Command:/usr/bin/make "cmTryCompileExec1701168968/fast"
/usr/bin/make -f CMakeFiles/cmTryCompileExec1701168968.dir/build.make CMakeFiles/cmTryCompileExec1701168968.dir/build
make[1]: Entering directory `/home/maro/stuff/cUnitTest/cmocka-1.0.0/build/CMakeFiles/CMakeTmp'
/usr/bin/cmake -E cmake_progress_report /home/maro/stuff/cUnitTest/cmocka-1.0.0/build/CMakeFiles/CMakeTmp/CMakeFiles 1
Building C object CMakeFiles/cmTryCompileExec1701168968.dir/src.c.o
/usr/bin/cc   -std=gnu99 -pedantic -pedantic-errors -Wall -Wextra -Wshadow -Wmissing-prototypes -Wdeclaration-after-statement -Wunused -Wfloat-equal -Wpointer-arith -Wwrite-strings -Wformat-security -Wmissing-format-attribute -Wundef -fPIC -DWITH_STACK_PROTECTOR   -fstack-protector -o CMakeFiles/cmTryCompileExec1701168968.dir/src.c.o   -c /home/maro/stuff/cUnitTest/cmocka-1.0.0/build/CMakeFiles/CMakeTmp/src.c
/home/maro/stuff/cUnitTest/cmocka-1.0.0/build/CMakeFiles/CMakeTmp/src.c: In function ‘main’:
/home/maro/stuff/cUnitTest/cmocka-1.0.0/build/CMakeFiles/CMakeTmp/src.c:1:27: warning: unused parameter ‘argv’ [-Wunused-parameter]
 int main(int argc, char **argv) { char buffer[256]; return buffer[argc]=0;}
                           ^
Linking C executable cmTryCompileExec1701168968
/usr/bin/cmake -E cmake_link_script CMakeFiles/cmTryCompileExec1701168968.dir/link.txt --verbose=1
/usr/bin/cc   -std=gnu99 -pedantic -pedantic-errors -Wall -Wextra -Wshadow -Wmissing-prototypes -Wdeclaration-after-statement -Wunused -Wfloat-equal -Wpointer-arith -Wwrite-strings -Wformat-security -Wmissing-format-attribute -Wundef -fPIC -DWITH_STACK_PROTECTOR    CMakeFiles/cmTryCompileExec1701168968.dir/src.c.o  -o cmTryCompileExec1701168968 -rdynamic 
make[1]: Leaving directory `/home/maro/stuff/cUnitTest/cmocka-1.0.0/build/CMakeFiles/CMakeTmp'

Source file was:
int main(int argc, char **argv) { char buffer[256]; return buffer[argc]=0;}
Performing C SOURCE FILE Test WITH_VISIBILITY_HIDDEN succeded with the following output:
Change Dir: /home/maro/stuff/cUnitTest/cmocka-1.0.0/build/CMakeFiles/CMakeTmp

Run Build Command:/usr/bin/make "cmTryCompileExec789709393/fast"
/usr/bin/make -f CMakeFiles/cmTryCompileExec789709393.dir/build.make CMakeFiles/cmTryCompileExec789709393.dir/build
make[1]: Entering directory `/home/maro/stuff/cUnitTest/cmocka-1.0.0/build/CMakeFiles/CMakeTmp'
/usr/bin/cmake -E cmake_progress_report /home/maro/stuff/cUnitTest/cmocka-1.0.0/build/CMakeFiles/CMakeTmp/CMakeFiles 1
Building C object CMakeFiles/cmTryCompileExec789709393.dir/src.c.o
/usr/bin/cc   -std=gnu99 -pedantic -pedantic-errors -Wall -Wextra -Wshadow -Wmissing-prototypes -Wdeclaration-after-statement -Wunused -Wfloat-equal -Wpointer-arith -Wwrite-strings -Wformat-security -Wmissing-format-attribute -Wundef -fPIC -fstack-protector -D_GNU_SOURCE -D_LARGEFILE64_SOURCE -DWITH_VISIBILITY_HIDDEN   -fvisibility=hidden -o CMakeFiles/cmTryCompileExec789709393.dir/src.c.o   -c /home/maro/stuff/cUnitTest/cmocka-1.0.0/build/CMakeFiles/CMakeTmp/src.c
Linking C executable cmTryCompileExec789709393
/usr/bin/cmake -E cmake_link_script CMakeFiles/cmTryCompileExec789709393.dir/link.txt --verbose=1
/usr/bin/cc   -std=gnu99 -pedantic -pedantic-errors -Wall -Wextra -Wshadow -Wmissing-prototypes -Wdeclaration-after-statement -Wunused -Wfloat-equal -Wpointer-arith -Wwrite-strings -Wformat-security -Wmissing-format-attribute -Wundef -fPIC -fstack-protector -D_GNU_SOURCE -D_LARGEFILE64_SOURCE -DWITH_VISIBILITY_HIDDEN    CMakeFiles/cmTryCompileExec789709393.dir/src.c.o  -o cmTryCompileExec789709393 -rdynamic 
make[1]: Leaving directory `/home/maro/stuff/cUnitTest/cmocka-1.0.0/build/CMakeFiles/CMakeTmp'

Source file was:
int main(void) { return 0; }
Determining if the include file assert.h exists passed with the following output:
Change Dir: /home/maro/stuff/cUnitTest/cmocka-1.0.0/build/CMakeFiles/CMakeTmp

Run Build Command:/usr/bin/make "cmTryCompileExec3657686997/fast"
/usr/bin/make -f CMakeFiles/cmTryCompileExec3657686997.dir/build.make CMakeFiles/cmTryCompileExec3657686997.dir/build
make[1]: Entering directory `/home/maro/stuff/cUnitTest/cmocka-1.0.0/build/CMakeFiles/CMakeTmp'
/usr/bin/cmake -E cmake_progress_report /home/maro/stuff/cUnitTest/cmocka-1.0.0/build/CMakeFiles/CMakeTmp/CMakeFiles 1
Building C object CMakeFiles/cmTryCompileExec3657686997.dir/CheckIncludeFile.c.o
/usr/bin/cc   -std=gnu99 -pedantic -pedantic-errors -Wall -Wextra -Wshadow -Wmissing-prototypes -Wdeclaration-after-statement -Wunused -Wfloat-equal -Wpointer-arith -Wwrite-strings -Wformat-security -Wmissing-format-attribute -Wundef -fPIC -fstack-protector -D_GNU_SOURCE -D_LARGEFILE64_SOURCE    -o CMakeFiles/cmTryCompileExec3657686997.dir/CheckIncludeFile.c.o   -c /home/maro/stuff/cUnitTest/cmocka-1.0.0/build/CMakeFiles/CMakeTmp/CheckIncludeFile.c
Linking C executable cmTryCompileExec3657686997
/usr/bin/cmake -E cmake_link_script CMakeFiles/cmTryCompileExec3657686997.dir/link.txt --verbose=1
/usr/bin/cc   -std=gnu99 -pedantic -pedantic-errors -Wall -Wextra -Wshadow -Wmissing-prototypes -Wdeclaration-after-statement -Wunused -Wfloat-equal -Wpointer-arith -Wwrite-strings -Wformat-security -Wmissing-format-attribute -Wundef -fPIC -fstack-protector -D_GNU_SOURCE -D_LARGEFILE64_SOURCE     CMakeFiles/cmTryCompileExec3657686997.dir/CheckIncludeFile.c.o  -o cmTryCompileExec3657686997 -rdynamic 
make[1]: Leaving directory `/home/maro/stuff/cUnitTest/cmocka-1.0.0/build/CMakeFiles/CMakeTmp'


Determining if the include file inttypes.h exists passed with the following output:
Change Dir: /home/maro/stuff/cUnitTest/cmocka-1.0.0/build/CMakeFiles/CMakeTmp

Run Build Command:/usr/bin/make "cmTryCompileExec657627952/fast"
/usr/bin/make -f CMakeFiles/cmTryCompileExec657627952.dir/build.make CMakeFiles/cmTryCompileExec657627952.dir/build
make[1]: Entering directory `/home/maro/stuff/cUnitTest/cmocka-1.0.0/build/CMakeFiles/CMakeTmp'
/usr/bin/cmake -E cmake_progress_report /home/maro/stuff/cUnitTest/cmocka-1.0.0/build/CMakeFiles/CMakeTmp/CMakeFiles 1
Building C object CMakeFiles/cmTryCompileExec657627952.dir/CheckIncludeFile.c.o
/usr/bin/cc   -std=gnu99 -pedantic -pedantic-errors -Wall -Wextra -Wshadow -Wmissing-prototypes -Wdeclaration-after-statement -Wunused -Wfloat-equal -Wpointer-arith -Wwrite-strings -Wformat-security -Wmissing-format-attribute -Wundef -fPIC -fstack-protector -D_GNU_SOURCE -D_LARGEFILE64_SOURCE    -o CMakeFiles/cmTryCompileExec657627952.dir/CheckIncludeFile.c.o   -c /home/maro/stuff/cUnitTest/cmocka-1.0.0/build/CMakeFiles/CMakeTmp/CheckIncludeFile.c
Linking C executable cmTryCompileExec657627952
/usr/bin/cmake -E cmake_link_script CMakeFiles/cmTryCompileExec657627952.dir/link.txt --verbose=1
/usr/bin/cc   -std=gnu99 -pedantic -pedantic-errors -Wall -Wextra -Wshadow -Wmissing-prototypes -Wdeclaration-after-statement -Wunused -Wfloat-equal -Wpointer-arith -Wwrite-strings -Wformat-security -Wmissing-format-attribute -Wundef -fPIC -fstack-protector -D_GNU_SOURCE -D_LARGEFILE64_SOURCE     CMakeFiles/cmTryCompileExec657627952.dir/CheckIncludeFile.c.o  -o cmTryCompileExec657627952 -rdynamic 
make[1]: Leaving directory `/home/maro/stuff/cUnitTest/cmocka-1.0.0/build/CMakeFiles/CMakeTmp'


Determining if the include file malloc.h exists passed with the following output:
Change Dir: /home/maro/stuff/cUnitTest/cmocka-1.0.0/build/CMakeFiles/CMakeTmp

Run Build Command:/usr/bin/make "cmTryCompileExec226827622/fast"
/usr/bin/make -f CMakeFiles/cmTryCompileExec226827622.dir/build.make CMakeFiles/cmTryCompileExec226827622.dir/build
make[1]: Entering directory `/home/maro/stuff/cUnitTest/cmocka-1.0.0/build/CMakeFiles/CMakeTmp'
/usr/bin/cmake -E cmake_progress_report /home/maro/stuff/cUnitTest/cmocka-1.0.0/build/CMakeFiles/CMakeTmp/CMakeFiles 1
Building C object CMakeFiles/cmTryCompileExec226827622.dir/CheckIncludeFile.c.o
/usr/bin/cc   -std=gnu99 -pedantic -pedantic-errors -Wall -Wextra -Wshadow -Wmissing-prototypes -Wdeclaration-after-statement -Wunused -Wfloat-equal -Wpointer-arith -Wwrite-strings -Wformat-security -Wmissing-format-attribute -Wundef -fPIC -fstack-protector -D_GNU_SOURCE -D_LARGEFILE64_SOURCE    -o CMakeFiles/cmTryCompileExec226827622.dir/CheckIncludeFile.c.o   -c /home/maro/stuff/cUnitTest/cmocka-1.0.0/build/CMakeFiles/CMakeTmp/CheckIncludeFile.c
Linking C executable cmTryCompileExec226827622
/usr/bin/cmake -E cmake_link_script CMakeFiles/cmTryCompileExec226827622.dir/link.txt --verbose=1
/usr/bin/cc   -std=gnu99 -pedantic -pedantic-errors -Wall -Wextra -Wshadow -Wmissing-prototypes -Wdeclaration-after-statement -Wunused -Wfloat-equal -Wpointer-arith -Wwrite-strings -Wformat-security -Wmissing-format-attribute -Wundef -fPIC -fstack-protector -D_GNU_SOURCE -D_LARGEFILE64_SOURCE     CMakeFiles/cmTryCompileExec226827622.dir/CheckIncludeFile.c.o  -o cmTryCompileExec226827622 -rdynamic 
make[1]: Leaving directory `/home/maro/stuff/cUnitTest/cmocka-1.0.0/build/CMakeFiles/CMakeTmp'


Determining if the include file memory.h exists passed with the following output:
Change Dir: /home/maro/stuff/cUnitTest/cmocka-1.0.0/build/CMakeFiles/CMakeTmp

Run Build Command:/usr/bin/make "cmTryCompileExec778278299/fast"
/usr/bin/make -f CMakeFiles/cmTryCompileExec778278299.dir/build.make CMakeFiles/cmTryCompileExec778278299.dir/build
make[1]: Entering directory `/home/maro/stuff/cUnitTest/cmocka-1.0.0/build/CMakeFiles/CMakeTmp'
/usr/bin/cmake -E cmake_progress_report /home/maro/stuff/cUnitTest/cmocka-1.0.0/build/CMakeFiles/CMakeTmp/CMakeFiles 1
Building C object CMakeFiles/cmTryCompileExec778278299.dir/CheckIncludeFile.c.o
/usr/bin/cc   -std=gnu99 -pedantic -pedantic-errors -Wall -Wextra -Wshadow -Wmissing-prototypes -Wdeclaration-after-statement -Wunused -Wfloat-equal -Wpointer-arith -Wwrite-strings -Wformat-security -Wmissing-format-attribute -Wundef -fPIC -fstack-protector -D_GNU_SOURCE -D_LARGEFILE64_SOURCE    -o CMakeFiles/cmTryCompileExec778278299.dir/CheckIncludeFile.c.o   -c /home/maro/stuff/cUnitTest/cmocka-1.0.0/build/CMakeFiles/CMakeTmp/CheckIncludeFile.c
Linking C executable cmTryCompileExec778278299
/usr/bin/cmake -E cmake_link_script CMakeFiles/cmTryCompileExec778278299.dir/link.txt --verbose=1
/usr/bin/cc   -std=gnu99 -pedantic -pedantic-errors -Wall -Wextra -Wshadow -Wmissing-prototypes -Wdeclaration-after-statement -Wunused -Wfloat-equal -Wpointer-arith -Wwrite-strings -Wformat-security -Wmissing-format-attribute -Wundef -fPIC -fstack-protector -D_GNU_SOURCE -D_LARGEFILE64_SOURCE     CMakeFiles/cmTryCompileExec778278299.dir/CheckIncludeFile.c.o  -o cmTryCompileExec778278299 -rdynamic 
make[1]: Leaving directory `/home/maro/stuff/cUnitTest/cmocka-1.0.0/build/CMakeFiles/CMakeTmp'


Determining if the include file setjmp.h exists passed with the following output:
Change Dir: /home/maro/stuff/cUnitTest/cmocka-1.0.0/build/CMakeFiles/CMakeTmp

Run Build Command:/usr/bin/make "cmTryCompileExec505425901/fast"
/usr/bin/make -f CMakeFiles/cmTryCompileExec505425901.dir/build.make CMakeFiles/cmTryCompileExec505425901.dir/build
make[1]: Entering directory `/home/maro/stuff/cUnitTest/cmocka-1.0.0/build/CMakeFiles/CMakeTmp'
/usr/bin/cmake -E cmake_progress_report /home/maro/stuff/cUnitTest/cmocka-1.0.0/build/CMakeFiles/CMakeTmp/CMakeFiles 1
Building C object CMakeFiles/cmTryCompileExec505425901.dir/CheckIncludeFile.c.o
/usr/bin/cc   -std=gnu99 -pedantic -pedantic-errors -Wall -Wextra -Wshadow -Wmissing-prototypes -Wdeclaration-after-statement -Wunused -Wfloat-equal -Wpointer-arith -Wwrite-strings -Wformat-security -Wmissing-format-attribute -Wundef -fPIC -fstack-protector -D_GNU_SOURCE -D_LARGEFILE64_SOURCE    -o CMakeFiles/cmTryCompileExec505425901.dir/CheckIncludeFile.c.o   -c /home/maro/stuff/cUnitTest/cmocka-1.0.0/build/CMakeFiles/CMakeTmp/CheckIncludeFile.c
Linking C executable cmTryCompileExec505425901
/usr/bin/cmake -E cmake_link_script CMakeFiles/cmTryCompileExec505425901.dir/link.txt --verbose=1
/usr/bin/cc   -std=gnu99 -pedantic -pedantic-errors -Wall -Wextra -Wshadow -Wmissing-prototypes -Wdeclaration-after-statement -Wunused -Wfloat-equal -Wpointer-arith -Wwrite-strings -Wformat-security -Wmissing-format-attribute -Wundef -fPIC -fstack-protector -D_GNU_SOURCE -D_LARGEFILE64_SOURCE     CMakeFiles/cmTryCompileExec505425901.dir/CheckIncludeFile.c.o  -o cmTryCompileExec505425901 -rdynamic 
make[1]: Leaving directory `/home/maro/stuff/cUnitTest/cmocka-1.0.0/build/CMakeFiles/CMakeTmp'


Determining if the include file signal.h exists passed with the following output:
Change Dir: /home/maro/stuff/cUnitTest/cmocka-1.0.0/build/CMakeFiles/CMakeTmp

Run Build Command:/usr/bin/make "cmTryCompileExec755831348/fast"
/usr/bin/make -f CMakeFiles/cmTryCompileExec755831348.dir/build.make CMakeFiles/cmTryCompileExec755831348.dir/build
make[1]: Entering directory `/home/maro/stuff/cUnitTest/cmocka-1.0.0/build/CMakeFiles/CMakeTmp'
/usr/bin/cmake -E cmake_progress_report /home/maro/stuff/cUnitTest/cmocka-1.0.0/build/CMakeFiles/CMakeTmp/CMakeFiles 1
Building C object CMakeFiles/cmTryCompileExec755831348.dir/CheckIncludeFile.c.o
/usr/bin/cc   -std=gnu99 -pedantic -pedantic-errors -Wall -Wextra -Wshadow -Wmissing-prototypes -Wdeclaration-after-statement -Wunused -Wfloat-equal -Wpointer-arith -Wwrite-strings -Wformat-security -Wmissing-format-attribute -Wundef -fPIC -fstack-protector -D_GNU_SOURCE -D_LARGEFILE64_SOURCE    -o CMakeFiles/cmTryCompileExec755831348.dir/CheckIncludeFile.c.o   -c /home/maro/stuff/cUnitTest/cmocka-1.0.0/build/CMakeFiles/CMakeTmp/CheckIncludeFile.c
Linking C executable cmTryCompileExec755831348
/usr/bin/cmake -E cmake_link_script CMakeFiles/cmTryCompileExec755831348.dir/link.txt --verbose=1
/usr/bin/cc   -std=gnu99 -pedantic -pedantic-errors -Wall -Wextra -Wshadow -Wmissing-prototypes -Wdeclaration-after-statement -Wunused -Wfloat-equal -Wpointer-arith -Wwrite-strings -Wformat-security -Wmissing-format-attribute -Wundef -fPIC -fstack-protector -D_GNU_SOURCE -D_LARGEFILE64_SOURCE     CMakeFiles/cmTryCompileExec755831348.dir/CheckIncludeFile.c.o  -o cmTryCompileExec755831348 -rdynamic 
make[1]: Leaving directory `/home/maro/stuff/cUnitTest/cmocka-1.0.0/build/CMakeFiles/CMakeTmp'


Determining if the include file stdarg.h exists passed with the following output:
Change Dir: /home/maro/stuff/cUnitTest/cmocka-1.0.0/build/CMakeFiles/CMakeTmp

Run Build Command:/usr/bin/make "cmTryCompileExec190558253/fast"
/usr/bin/make -f CMakeFiles/cmTryCompileExec190558253.dir/build.make CMakeFiles/cmTryCompileExec190558253.dir/build
make[1]: Entering directory `/home/maro/stuff/cUnitTest/cmocka-1.0.0/build/CMakeFiles/CMakeTmp'
/usr/bin/cmake -E cmake_progress_report /home/maro/stuff/cUnitTest/cmocka-1.0.0/build/CMakeFiles/CMakeTmp/CMakeFiles 1
Building C object CMakeFiles/cmTryCompileExec190558253.dir/CheckIncludeFile.c.o
/usr/bin/cc   -std=gnu99 -pedantic -pedantic-errors -Wall -Wextra -Wshadow -Wmissing-prototypes -Wdeclaration-after-statement -Wunused -Wfloat-equal -Wpointer-arith -Wwrite-strings -Wformat-security -Wmissing-format-attribute -Wundef -fPIC -fstack-protector -D_GNU_SOURCE -D_LARGEFILE64_SOURCE    -o CMakeFiles/cmTryCompileExec190558253.dir/CheckIncludeFile.c.o   -c /home/maro/stuff/cUnitTest/cmocka-1.0.0/build/CMakeFiles/CMakeTmp/CheckIncludeFile.c
Linking C executable cmTryCompileExec190558253
/usr/bin/cmake -E cmake_link_script CMakeFiles/cmTryCompileExec190558253.dir/link.txt --verbose=1
/usr/bin/cc   -std=gnu99 -pedantic -pedantic-errors -Wall -Wextra -Wshadow -Wmissing-prototypes -Wdeclaration-after-statement -Wunused -Wfloat-equal -Wpointer-arith -Wwrite-strings -Wformat-security -Wmissing-format-attribute -Wundef -fPIC -fstack-protector -D_GNU_SOURCE -D_LARGEFILE64_SOURCE     CMakeFiles/cmTryCompileExec190558253.dir/CheckIncludeFile.c.o  -o cmTryCompileExec190558253 -rdynamic 
make[1]: Leaving directory `/home/maro/stuff/cUnitTest/cmocka-1.0.0/build/CMakeFiles/CMakeTmp'


Determining if the include file stddef.h exists passed with the following output:
Change Dir: /home/maro/stuff/cUnitTest/cmocka-1.0.0/build/CMakeFiles/CMakeTmp

Run Build Command:/usr/bin/make "cmTryCompileExec2080450847/fast"
/usr/bin/make -f CMakeFiles/cmTryCompileExec2080450847.dir/build.make CMakeFiles/cmTryCompileExec2080450847.dir/build
make[1]: Entering directory `/home/maro/stuff/cUnitTest/cmocka-1.0.0/build/CMakeFiles/CMakeTmp'
/usr/bin/cmake -E cmake_progress_report /home/maro/stuff/cUnitTest/cmocka-1.0.0/build/CMakeFiles/CMakeTmp/CMakeFiles 1
Building C object CMakeFiles/cmTryCompileExec2080450847.dir/CheckIncludeFile.c.o
/usr/bin/cc   -std=gnu99 -pedantic -pedantic-errors -Wall -Wextra -Wshadow -Wmissing-prototypes -Wdeclaration-after-statement -Wunused -Wfloat-equal -Wpointer-arith -Wwrite-strings -Wformat-security -Wmissing-format-attribute -Wundef -fPIC -fstack-protector -D_GNU_SOURCE -D_LARGEFILE64_SOURCE    -o CMakeFiles/cmTryCompileExec2080450847.dir/CheckIncludeFile.c.o   -c /home/maro/stuff/cUnitTest/cmocka-1.0.0/build/CMakeFiles/CMakeTmp/CheckIncludeFile.c
Linking C executable cmTryCompileExec2080450847
/usr/bin/cmake -E cmake_link_script CMakeFiles/cmTryCompileExec2080450847.dir/link.txt --verbose=1
/usr/bin/cc   -std=gnu99 -pedantic -pedantic-errors -Wall -Wextra -Wshadow -Wmissing-prototypes -Wdeclaration-after-statement -Wunused -Wfloat-equal -Wpointer-arith -Wwrite-strings -Wformat-security -Wmissing-format-attribute -Wundef -fPIC -fstack-protector -D_GNU_SOURCE -D_LARGEFILE64_SOURCE     CMakeFiles/cmTryCompileExec2080450847.dir/CheckIncludeFile.c.o  -o cmTryCompileExec2080450847 -rdynamic 
make[1]: Leaving directory `/home/maro/stuff/cUnitTest/cmocka-1.0.0/build/CMakeFiles/CMakeTmp'


Determining if the include file stdint.h exists passed with the following output:
Change Dir: /home/maro/stuff/cUnitTest/cmocka-1.0.0/build/CMakeFiles/CMakeTmp

Run Build Command:/usr/bin/make "cmTryCompileExec669297042/fast"
/usr/bin/make -f CMakeFiles/cmTryCompileExec669297042.dir/build.make CMakeFiles/cmTryCompileExec669297042.dir/build
make[1]: Entering directory `/home/maro/stuff/cUnitTest/cmocka-1.0.0/build/CMakeFiles/CMakeTmp'
/usr/bin/cmake -E cmake_progress_report /home/maro/stuff/cUnitTest/cmocka-1.0.0/build/CMakeFiles/CMakeTmp/CMakeFiles 1
Building C object CMakeFiles/cmTryCompileExec669297042.dir/CheckIncludeFile.c.o
/usr/bin/cc   -std=gnu99 -pedantic -pedantic-errors -Wall -Wextra -Wshadow -Wmissing-prototypes -Wdeclaration-after-statement -Wunused -Wfloat-equal -Wpointer-arith -Wwrite-strings -Wformat-security -Wmissing-format-attribute -Wundef -fPIC -fstack-protector -D_GNU_SOURCE -D_LARGEFILE64_SOURCE    -o CMakeFiles/cmTryCompileExec669297042.dir/CheckIncludeFile.c.o   -c /home/maro/stuff/cUnitTest/cmocka-1.0.0/build/CMakeFiles/CMakeTmp/CheckIncludeFile.c
Linking C executable cmTryCompileExec669297042
/usr/bin/cmake -E cmake_link_script CMakeFiles/cmTryCompileExec669297042.dir/link.txt --verbose=1
/usr/bin/cc   -std=gnu99 -pedantic -pedantic-errors -Wall -Wextra -Wshadow -Wmissing-prototypes -Wdeclaration-after-statement -Wunused -Wfloat-equal -Wpointer-arith -Wwrite-strings -Wformat-security -Wmissing-format-attribute -Wundef -fPIC -fstack-protector -D_GNU_SOURCE -D_LARGEFILE64_SOURCE     CMakeFiles/cmTryCompileExec669297042.dir/CheckIncludeFile.c.o  -o cmTryCompileExec669297042 -rdynamic 
make[1]: Leaving directory `/home/maro/stuff/cUnitTest/cmocka-1.0.0/build/CMakeFiles/CMakeTmp'


Determining if the include file stdio.h exists passed with the following output:
Change Dir: /home/maro/stuff/cUnitTest/cmocka-1.0.0/build/CMakeFiles/CMakeTmp

Run Build Command:/usr/bin/make "cmTryCompileExec2350864445/fast"
/usr/bin/make -f CMakeFiles/cmTryCompileExec2350864445.dir/build.make CMakeFiles/cmTryCompileExec2350864445.dir/build
make[1]: Entering directory `/home/maro/stuff/cUnitTest/cmocka-1.0.0/build/CMakeFiles/CMakeTmp'
/usr/bin/cmake -E cmake_progress_report /home/maro/stuff/cUnitTest/cmocka-1.0.0/build/CMakeFiles/CMakeTmp/CMakeFiles 1
Building C object CMakeFiles/cmTryCompileExec2350864445.dir/CheckIncludeFile.c.o
/usr/bin/cc   -std=gnu99 -pedantic -pedantic-errors -Wall -Wextra -Wshadow -Wmissing-prototypes -Wdeclaration-after-statement -Wunused -Wfloat-equal -Wpointer-arith -Wwrite-strings -Wformat-security -Wmissing-format-attribute -Wundef -fPIC -fstack-protector -D_GNU_SOURCE -D_LARGEFILE64_SOURCE    -o CMakeFiles/cmTryCompileExec2350864445.dir/CheckIncludeFile.c.o   -c /home/maro/stuff/cUnitTest/cmocka-1.0.0/build/CMakeFiles/CMakeTmp/CheckIncludeFile.c
Linking C executable cmTryCompileExec2350864445
/usr/bin/cmake -E cmake_link_script CMakeFiles/cmTryCompileExec2350864445.dir/link.txt --verbose=1
/usr/bin/cc   -std=gnu99 -pedantic -pedantic-errors -Wall -Wextra -Wshadow -Wmissing-prototypes -Wdeclaration-after-statement -Wunused -Wfloat-equal -Wpointer-arith -Wwrite-strings -Wformat-security -Wmissing-format-attribute -Wundef -fPIC -fstack-protector -D_GNU_SOURCE -D_LARGEFILE64_SOURCE     CMakeFiles/cmTryCompileExec2350864445.dir/CheckIncludeFile.c.o  -o cmTryCompileExec2350864445 -rdynamic 
make[1]: Leaving directory `/home/maro/stuff/cUnitTest/cmocka-1.0.0/build/CMakeFiles/CMakeTmp'


Determining if the include file stdlib.h exists passed with the following output:
Change Dir: /home/maro/stuff/cUnitTest/cmocka-1.0.0/build/CMakeFiles/CMakeTmp

Run Build Command:/usr/bin/make "cmTryCompileExec272642440/fast"
/usr/bin/make -f CMakeFiles/cmTryCompileExec272642440.dir/build.make CMakeFiles/cmTryCompileExec272642440.dir/build
make[1]: Entering directory `/home/maro/stuff/cUnitTest/cmocka-1.0.0/build/CMakeFiles/CMakeTmp'
/usr/bin/cmake -E cmake_progress_report /home/maro/stuff/cUnitTest/cmocka-1.0.0/build/CMakeFiles/CMakeTmp/CMakeFiles 1
Building C object CMakeFiles/cmTryCompileExec272642440.dir/CheckIncludeFile.c.o
/usr/bin/cc   -std=gnu99 -pedantic -pedantic-errors -Wall -Wextra -Wshadow -Wmissing-prototypes -Wdeclaration-after-statement -Wunused -Wfloat-equal -Wpointer-arith -Wwrite-strings -Wformat-security -Wmissing-format-attribute -Wundef -fPIC -fstack-protector -D_GNU_SOURCE -D_LARGEFILE64_SOURCE    -o CMakeFiles/cmTryCompileExec272642440.dir/CheckIncludeFile.c.o   -c /home/maro/stuff/cUnitTest/cmocka-1.0.0/build/CMakeFiles/CMakeTmp/CheckIncludeFile.c
Linking C executable cmTryCompileExec272642440
/usr/bin/cmake -E cmake_link_script CMakeFiles/cmTryCompileExec272642440.dir/link.txt --verbose=1
/usr/bin/cc   -std=gnu99 -pedantic -pedantic-errors -Wall -Wextra -Wshadow -Wmissing-prototypes -Wdeclaration-after-statement -Wunused -Wfloat-equal -Wpointer-arith -Wwrite-strings -Wformat-security -Wmissing-format-attribute -Wundef -fPIC -fstack-protector -D_GNU_SOURCE -D_LARGEFILE64_SOURCE     CMakeFiles/cmTryCompileExec272642440.dir/CheckIncludeFile.c.o  -o cmTryCompileExec272642440 -rdynamic 
make[1]: Leaving directory `/home/maro/stuff/cUnitTest/cmocka-1.0.0/build/CMakeFiles/CMakeTmp'


Determining if the include file string.h exists passed with the following output:
Change Dir: /home/maro/stuff/cUnitTest/cmocka-1.0.0/build/CMakeFiles/CMakeTmp

Run Build Command:/usr/bin/make "cmTryCompileExec2113025682/fast"
/usr/bin/make -f CMakeFiles/cmTryCompileExec2113025682.dir/build.make CMakeFiles/cmTryCompileExec2113025682.dir/build
make[1]: Entering directory `/home/maro/stuff/cUnitTest/cmocka-1.0.0/build/CMakeFiles/CMakeTmp'
/usr/bin/cmake -E cmake_progress_report /home/maro/stuff/cUnitTest/cmocka-1.0.0/build/CMakeFiles/CMakeTmp/CMakeFiles 1
Building C object CMakeFiles/cmTryCompileExec2113025682.dir/CheckIncludeFile.c.o
/usr/bin/cc   -std=gnu99 -pedantic -pedantic-errors -Wall -Wextra -Wshadow -Wmissing-prototypes -Wdeclaration-after-statement -Wunused -Wfloat-equal -Wpointer-arith -Wwrite-strings -Wformat-security -Wmissing-format-attribute -Wundef -fPIC -fstack-protector -D_GNU_SOURCE -D_LARGEFILE64_SOURCE    -o CMakeFiles/cmTryCompileExec2113025682.dir/CheckIncludeFile.c.o   -c /home/maro/stuff/cUnitTest/cmocka-1.0.0/build/CMakeFiles/CMakeTmp/CheckIncludeFile.c
Linking C executable cmTryCompileExec2113025682
/usr/bin/cmake -E cmake_link_script CMakeFiles/cmTryCompileExec2113025682.dir/link.txt --verbose=1
/usr/bin/cc   -std=gnu99 -pedantic -pedantic-errors -Wall -Wextra -Wshadow -Wmissing-prototypes -Wdeclaration-after-statement -Wunused -Wfloat-equal -Wpointer-arith -Wwrite-strings -Wformat-security -Wmissing-format-attribute -Wundef -fPIC -fstack-protector -D_GNU_SOURCE -D_LARGEFILE64_SOURCE     CMakeFiles/cmTryCompileExec2113025682.dir/CheckIncludeFile.c.o  -o cmTryCompileExec2113025682 -rdynamic 
make[1]: Leaving directory `/home/maro/stuff/cUnitTest/cmocka-1.0.0/build/CMakeFiles/CMakeTmp'


Determining if the include file strings.h exists passed with the following output:
Change Dir: /home/maro/stuff/cUnitTest/cmocka-1.0.0/build/CMakeFiles/CMakeTmp

Run Build Command:/usr/bin/make "cmTryCompileExec3172875857/fast"
/usr/bin/make -f CMakeFiles/cmTryCompileExec3172875857.dir/build.make CMakeFiles/cmTryCompileExec3172875857.dir/build
make[1]: Entering directory `/home/maro/stuff/cUnitTest/cmocka-1.0.0/build/CMakeFiles/CMakeTmp'
/usr/bin/cmake -E cmake_progress_report /home/maro/stuff/cUnitTest/cmocka-1.0.0/build/CMakeFiles/CMakeTmp/CMakeFiles 1
Building C object CMakeFiles/cmTryCompileExec3172875857.dir/CheckIncludeFile.c.o
/usr/bin/cc   -std=gnu99 -pedantic -pedantic-errors -Wall -Wextra -Wshadow -Wmissing-prototypes -Wdeclaration-after-statement -Wunused -Wfloat-equal -Wpointer-arith -Wwrite-strings -Wformat-security -Wmissing-format-attribute -Wundef -fPIC -fstack-protector -D_GNU_SOURCE -D_LARGEFILE64_SOURCE    -o CMakeFiles/cmTryCompileExec3172875857.dir/CheckIncludeFile.c.o   -c /home/maro/stuff/cUnitTest/cmocka-1.0.0/build/CMakeFiles/CMakeTmp/CheckIncludeFile.c
Linking C executable cmTryCompileExec3172875857
/usr/bin/cmake -E cmake_link_script CMakeFiles/cmTryCompileExec3172875857.dir/link.txt --verbose=1
/usr/bin/cc   -std=gnu99 -pedantic -pedantic-errors -Wall -Wextra -Wshadow -Wmissing-prototypes -Wdeclaration-after-statement -Wunused -Wfloat-equal -Wpointer-arith -Wwrite-strings -Wformat-security -Wmissing-format-attribute -Wundef -fPIC -fstack-protector -D_GNU_SOURCE -D_LARGEFILE64_SOURCE     CMakeFiles/cmTryCompileExec3172875857.dir/CheckIncludeFile.c.o  -o cmTryCompileExec3172875857 -rdynamic 
make[1]: Leaving directory `/home/maro/stuff/cUnitTest/cmocka-1.0.0/build/CMakeFiles/CMakeTmp'


Determining if the include file sys/stat.h exists passed with the following output:
Change Dir: /home/maro/stuff/cUnitTest/cmocka-1.0.0/build/CMakeFiles/CMakeTmp

Run Build Command:/usr/bin/make "cmTryCompileExec2164112610/fast"
/usr/bin/make -f CMakeFiles/cmTryCompileExec2164112610.dir/build.make CMakeFiles/cmTryCompileExec2164112610.dir/build
make[1]: Entering directory `/home/maro/stuff/cUnitTest/cmocka-1.0.0/build/CMakeFiles/CMakeTmp'
/usr/bin/cmake -E cmake_progress_report /home/maro/stuff/cUnitTest/cmocka-1.0.0/build/CMakeFiles/CMakeTmp/CMakeFiles 1
Building C object CMakeFiles/cmTryCompileExec2164112610.dir/CheckIncludeFile.c.o
/usr/bin/cc   -std=gnu99 -pedantic -pedantic-errors -Wall -Wextra -Wshadow -Wmissing-prototypes -Wdeclaration-after-statement -Wunused -Wfloat-equal -Wpointer-arith -Wwrite-strings -Wformat-security -Wmissing-format-attribute -Wundef -fPIC -fstack-protector -D_GNU_SOURCE -D_LARGEFILE64_SOURCE    -o CMakeFiles/cmTryCompileExec2164112610.dir/CheckIncludeFile.c.o   -c /home/maro/stuff/cUnitTest/cmocka-1.0.0/build/CMakeFiles/CMakeTmp/CheckIncludeFile.c
Linking C executable cmTryCompileExec2164112610
/usr/bin/cmake -E cmake_link_script CMakeFiles/cmTryCompileExec2164112610.dir/link.txt --verbose=1
/usr/bin/cc   -std=gnu99 -pedantic -pedantic-errors -Wall -Wextra -Wshadow -Wmissing-prototypes -Wdeclaration-after-statement -Wunused -Wfloat-equal -Wpointer-arith -Wwrite-strings -Wformat-security -Wmissing-format-attribute -Wundef -fPIC -fstack-protector -D_GNU_SOURCE -D_LARGEFILE64_SOURCE     CMakeFiles/cmTryCompileExec2164112610.dir/CheckIncludeFile.c.o  -o cmTryCompileExec2164112610 -rdynamic 
make[1]: Leaving directory `/home/maro/stuff/cUnitTest/cmocka-1.0.0/build/CMakeFiles/CMakeTmp'


Determining if the include file sys/types.h exists passed with the following output:
Change Dir: /home/maro/stuff/cUnitTest/cmocka-1.0.0/build/CMakeFiles/CMakeTmp

Run Build Command:/usr/bin/make "cmTryCompileExec12390546/fast"
/usr/bin/make -f CMakeFiles/cmTryCompileExec12390546.dir/build.make CMakeFiles/cmTryCompileExec12390546.dir/build
make[1]: Entering directory `/home/maro/stuff/cUnitTest/cmocka-1.0.0/build/CMakeFiles/CMakeTmp'
/usr/bin/cmake -E cmake_progress_report /home/maro/stuff/cUnitTest/cmocka-1.0.0/build/CMakeFiles/CMakeTmp/CMakeFiles 1
Building C object CMakeFiles/cmTryCompileExec12390546.dir/CheckIncludeFile.c.o
/usr/bin/cc   -std=gnu99 -pedantic -pedantic-errors -Wall -Wextra -Wshadow -Wmissing-prototypes -Wdeclaration-after-statement -Wunused -Wfloat-equal -Wpointer-arith -Wwrite-strings -Wformat-security -Wmissing-format-attribute -Wundef -fPIC -fstack-protector -D_GNU_SOURCE -D_LARGEFILE64_SOURCE    -o CMakeFiles/cmTryCompileExec12390546.dir/CheckIncludeFile.c.o   -c /home/maro/stuff/cUnitTest/cmocka-1.0.0/build/CMakeFiles/CMakeTmp/CheckIncludeFile.c
Linking C executable cmTryCompileExec12390546
/usr/bin/cmake -E cmake_link_script CMakeFiles/cmTryCompileExec12390546.dir/link.txt --verbose=1
/usr/bin/cc   -std=gnu99 -pedantic -pedantic-errors -Wall -Wextra -Wshadow -Wmissing-prototypes -Wdeclaration-after-statement -Wunused -Wfloat-equal -Wpointer-arith -Wwrite-strings -Wformat-security -Wmissing-format-attribute -Wundef -fPIC -fstack-protector -D_GNU_SOURCE -D_LARGEFILE64_SOURCE     CMakeFiles/cmTryCompileExec12390546.dir/CheckIncludeFile.c.o  -o cmTryCompileExec12390546 -rdynamic 
make[1]: Leaving directory `/home/maro/stuff/cUnitTest/cmocka-1.0.0/build/CMakeFiles/CMakeTmp'


Determining if the include file time.h exists passed with the following output:
Change Dir: /home/maro/stuff/cUnitTest/cmocka-1.0.0/build/CMakeFiles/CMakeTmp

Run Build Command:/usr/bin/make "cmTryCompileExec236431831/fast"
/usr/bin/make -f CMakeFiles/cmTryCompileExec236431831.dir/build.make CMakeFiles/cmTryCompileExec236431831.dir/build
make[1]: Entering directory `/home/maro/stuff/cUnitTest/cmocka-1.0.0/build/CMakeFiles/CMakeTmp'
/usr/bin/cmake -E cmake_progress_report /home/maro/stuff/cUnitTest/cmocka-1.0.0/build/CMakeFiles/CMakeTmp/CMakeFiles 1
Building C object CMakeFiles/cmTryCompileExec236431831.dir/CheckIncludeFile.c.o
/usr/bin/cc   -std=gnu99 -pedantic -pedantic-errors -Wall -Wextra -Wshadow -Wmissing-prototypes -Wdeclaration-after-statement -Wunused -Wfloat-equal -Wpointer-arith -Wwrite-strings -Wformat-security -Wmissing-format-attribute -Wundef -fPIC -fstack-protector -D_GNU_SOURCE -D_LARGEFILE64_SOURCE    -o CMakeFiles/cmTryCompileExec236431831.dir/CheckIncludeFile.c.o   -c /home/maro/stuff/cUnitTest/cmocka-1.0.0/build/CMakeFiles/CMakeTmp/CheckIncludeFile.c
Linking C executable cmTryCompileExec236431831
/usr/bin/cmake -E cmake_link_script CMakeFiles/cmTryCompileExec236431831.dir/link.txt --verbose=1
/usr/bin/cc   -std=gnu99 -pedantic -pedantic-errors -Wall -Wextra -Wshadow -Wmissing-prototypes -Wdeclaration-after-statement -Wunused -Wfloat-equal -Wpointer-arith -Wwrite-strings -Wformat-security -Wmissing-format-attribute -Wundef -fPIC -fstack-protector -D_GNU_SOURCE -D_LARGEFILE64_SOURCE     CMakeFiles/cmTryCompileExec236431831.dir/CheckIncludeFile.c.o  -o cmTryCompileExec236431831 -rdynamic 
make[1]: Leaving directory `/home/maro/stuff/cUnitTest/cmocka-1.0.0/build/CMakeFiles/CMakeTmp'


Determining if the include file unistd.h exists passed with the following output:
Change Dir: /home/maro/stuff/cUnitTest/cmocka-1.0.0/build/CMakeFiles/CMakeTmp

Run Build Command:/usr/bin/make "cmTryCompileExec1621692229/fast"
/usr/bin/make -f CMakeFiles/cmTryCompileExec1621692229.dir/build.make CMakeFiles/cmTryCompileExec1621692229.dir/build
make[1]: Entering directory `/home/maro/stuff/cUnitTest/cmocka-1.0.0/build/CMakeFiles/CMakeTmp'
/usr/bin/cmake -E cmake_progress_report /home/maro/stuff/cUnitTest/cmocka-1.0.0/build/CMakeFiles/CMakeTmp/CMakeFiles 1
Building C object CMakeFiles/cmTryCompileExec1621692229.dir/CheckIncludeFile.c.o
/usr/bin/cc   -std=gnu99 -pedantic -pedantic-errors -Wall -Wextra -Wshadow -Wmissing-prototypes -Wdeclaration-after-statement -Wunused -Wfloat-equal -Wpointer-arith -Wwrite-strings -Wformat-security -Wmissing-format-attribute -Wundef -fPIC -fstack-protector -D_GNU_SOURCE -D_LARGEFILE64_SOURCE    -o CMakeFiles/cmTryCompileExec1621692229.dir/CheckIncludeFile.c.o   -c /home/maro/stuff/cUnitTest/cmocka-1.0.0/build/CMakeFiles/CMakeTmp/CheckIncludeFile.c
Linking C executable cmTryCompileExec1621692229
/usr/bin/cmake -E cmake_link_script CMakeFiles/cmTryCompileExec1621692229.dir/link.txt --verbose=1
/usr/bin/cc   -std=gnu99 -pedantic -pedantic-errors -Wall -Wextra -Wshadow -Wmissing-prototypes -Wdeclaration-after-statement -Wunused -Wfloat-equal -Wpointer-arith -Wwrite-strings -Wformat-security -Wmissing-format-attribute -Wundef -fPIC -fstack-protector -D_GNU_SOURCE -D_LARGEFILE64_SOURCE     CMakeFiles/cmTryCompileExec1621692229.dir/CheckIncludeFile.c.o  -o cmTryCompileExec1621692229 -rdynamic 
make[1]: Leaving directory `/home/maro/stuff/cUnitTest/cmocka-1.0.0/build/CMakeFiles/CMakeTmp'


Performing C SOURCE FILE Test HAVE_STRUCT_TIMESPEC succeded with the following output:
Change Dir: /home/maro/stuff/cUnitTest/cmocka-1.0.0/build/CMakeFiles/CMakeTmp

Run Build Command:/usr/bin/make "cmTryCompileExec735111277/fast"
/usr/bin/make -f CMakeFiles/cmTryCompileExec735111277.dir/build.make CMakeFiles/cmTryCompileExec735111277.dir/build
make[1]: Entering directory `/home/maro/stuff/cUnitTest/cmocka-1.0.0/build/CMakeFiles/CMakeTmp'
/usr/bin/cmake -E cmake_progress_report /home/maro/stuff/cUnitTest/cmocka-1.0.0/build/CMakeFiles/CMakeTmp/CMakeFiles 1
Building C object CMakeFiles/cmTryCompileExec735111277.dir/src.c.o
/usr/bin/cc   -std=gnu99 -pedantic -pedantic-errors -Wall -Wextra -Wshadow -Wmissing-prototypes -Wdeclaration-after-statement -Wunused -Wfloat-equal -Wpointer-arith -Wwrite-strings -Wformat-security -Wmissing-format-attribute -Wundef -fPIC -fstack-protector -D_GNU_SOURCE -D_LARGEFILE64_SOURCE -DHAVE_STRUCT_TIMESPEC   -o CMakeFiles/cmTryCompileExec735111277.dir/src.c.o   -c /home/maro/stuff/cUnitTest/cmocka-1.0.0/build/CMakeFiles/CMakeTmp/src.c
/home/maro/stuff/cUnitTest/cmocka-1.0.0/build/CMakeFiles/CMakeTmp/src.c: In function ‘main’:
/home/maro/stuff/cUnitTest/cmocka-1.0.0/build/CMakeFiles/CMakeTmp/src.c:7:4: warning: statement with no effect [-Wunused-value]
    tmp->tv_sec;
    ^
Linking C executable cmTryCompileExec735111277
/usr/bin/cmake -E cmake_link_script CMakeFiles/cmTryCompileExec735111277.dir/link.txt --verbose=1
/usr/bin/cc   -std=gnu99 -pedantic -pedantic-errors -Wall -Wextra -Wshadow -Wmissing-prototypes -Wdeclaration-after-statement -Wunused -Wfloat-equal -Wpointer-arith -Wwrite-strings -Wformat-security -Wmissing-format-attribute -Wundef -fPIC -fstack-protector -D_GNU_SOURCE -D_LARGEFILE64_SOURCE -DHAVE_STRUCT_TIMESPEC    CMakeFiles/cmTryCompileExec735111277.dir/src.c.o  -o cmTryCompileExec735111277 -rdynamic 
make[1]: Leaving directory `/home/maro/stuff/cUnitTest/cmocka-1.0.0/build/CMakeFiles/CMakeTmp'

Source file was:

#include <time.h>

int main()
{
   struct timespec* tmp;
   tmp->tv_sec;
  return 0;
}

Determining if the function calloc exists passed with the following output:
Change Dir: /home/maro/stuff/cUnitTest/cmocka-1.0.0/build/CMakeFiles/CMakeTmp

Run Build Command:/usr/bin/make "cmTryCompileExec3898322618/fast"
/usr/bin/make -f CMakeFiles/cmTryCompileExec3898322618.dir/build.make CMakeFiles/cmTryCompileExec3898322618.dir/build
make[1]: Entering directory `/home/maro/stuff/cUnitTest/cmocka-1.0.0/build/CMakeFiles/CMakeTmp'
/usr/bin/cmake -E cmake_progress_report /home/maro/stuff/cUnitTest/cmocka-1.0.0/build/CMakeFiles/CMakeTmp/CMakeFiles 1
Building C object CMakeFiles/cmTryCompileExec3898322618.dir/CheckFunctionExists.c.o
/usr/bin/cc   -std=gnu99 -pedantic -pedantic-errors -Wall -Wextra -Wshadow -Wmissing-prototypes -Wdeclaration-after-statement -Wunused -Wfloat-equal -Wpointer-arith -Wwrite-strings -Wformat-security -Wmissing-format-attribute -Wundef -fPIC -fstack-protector -D_GNU_SOURCE -D_LARGEFILE64_SOURCE -DCHECK_FUNCTION_EXISTS=calloc   -o CMakeFiles/cmTryCompileExec3898322618.dir/CheckFunctionExists.c.o   -c /usr/share/cmake-2.8/Modules/CheckFunctionExists.c
<command-line>:0:23: warning: conflicting types for built-in function ‘calloc’ [enabled by default]
/usr/share/cmake-2.8/Modules/CheckFunctionExists.c:3:6: note: in expansion of macro ‘CHECK_FUNCTION_EXISTS’
 char CHECK_FUNCTION_EXISTS();
      ^
Linking C executable cmTryCompileExec3898322618
/usr/bin/cmake -E cmake_link_script CMakeFiles/cmTryCompileExec3898322618.dir/link.txt --verbose=1
/usr/bin/cc   -std=gnu99 -pedantic -pedantic-errors -Wall -Wextra -Wshadow -Wmissing-prototypes -Wdeclaration-after-statement -Wunused -Wfloat-equal -Wpointer-arith -Wwrite-strings -Wformat-security -Wmissing-format-attribute -Wundef -fPIC -fstack-protector -D_GNU_SOURCE -D_LARGEFILE64_SOURCE -DCHECK_FUNCTION_EXISTS=calloc    CMakeFiles/cmTryCompileExec3898322618.dir/CheckFunctionExists.c.o  -o cmTryCompileExec3898322618 -rdynamic 
make[1]: Leaving directory `/home/maro/stuff/cUnitTest/cmocka-1.0.0/build/CMakeFiles/CMakeTmp'


Determining if the function exit exists passed with the following output:
Change Dir: /home/maro/stuff/cUnitTest/cmocka-1.0.0/build/CMakeFiles/CMakeTmp

Run Build Command:/usr/bin/make "cmTryCompileExec2256817570/fast"
/usr/bin/make -f CMakeFiles/cmTryCompileExec2256817570.dir/build.make CMakeFiles/cmTryCompileExec2256817570.dir/build
make[1]: Entering directory `/home/maro/stuff/cUnitTest/cmocka-1.0.0/build/CMakeFiles/CMakeTmp'
/usr/bin/cmake -E cmake_progress_report /home/maro/stuff/cUnitTest/cmocka-1.0.0/build/CMakeFiles/CMakeTmp/CMakeFiles 1
Building C object CMakeFiles/cmTryCompileExec2256817570.dir/CheckFunctionExists.c.o
/usr/bin/cc   -std=gnu99 -pedantic -pedantic-errors -Wall -Wextra -Wshadow -Wmissing-prototypes -Wdeclaration-after-statement -Wunused -Wfloat-equal -Wpointer-arith -Wwrite-strings -Wformat-security -Wmissing-format-attribute -Wundef -fPIC -fstack-protector -D_GNU_SOURCE -D_LARGEFILE64_SOURCE -DCHECK_FUNCTION_EXISTS=exit   -o CMakeFiles/cmTryCompileExec2256817570.dir/CheckFunctionExists.c.o   -c /usr/share/cmake-2.8/Modules/CheckFunctionExists.c
<command-line>:0:23: warning: conflicting types for built-in function ‘exit’ [enabled by default]
/usr/share/cmake-2.8/Modules/CheckFunctionExists.c:3:6: note: in expansion of macro ‘CHECK_FUNCTION_EXISTS’
 char CHECK_FUNCTION_EXISTS();
      ^
Linking C executable cmTryCompileExec2256817570
/usr/bin/cmake -E cmake_link_script CMakeFiles/cmTryCompileExec2256817570.dir/link.txt --verbose=1
/usr/bin/cc   -std=gnu99 -pedantic -pedantic-errors -Wall -Wextra -Wshadow -Wmissing-prototypes -Wdeclaration-after-statement -Wunused -Wfloat-equal -Wpointer-arith -Wwrite-strings -Wformat-security -Wmissing-format-attribute -Wundef -fPIC -fstack-protector -D_GNU_SOURCE -D_LARGEFILE64_SOURCE -DCHECK_FUNCTION_EXISTS=exit    CMakeFiles/cmTryCompileExec2256817570.dir/CheckFunctionExists.c.o  -o cmTryCompileExec2256817570 -rdynamic 
make[1]: Leaving directory `/home/maro/stuff/cUnitTest/cmocka-1.0.0/build/CMakeFiles/CMakeTmp'


Determining if the function fprintf exists passed with the following output:
Change Dir: /home/maro/stuff/cUnitTest/cmocka-1.0.0/build/CMakeFiles/CMakeTmp

Run Build Command:/usr/bin/make "cmTryCompileExec2888274457/fast"
/usr/bin/make -f CMakeFiles/cmTryCompileExec2888274457.dir/build.make CMakeFiles/cmTryCompileExec2888274457.dir/build
make[1]: Entering directory `/home/maro/stuff/cUnitTest/cmocka-1.0.0/build/CMakeFiles/CMakeTmp'
/usr/bin/cmake -E cmake_progress_report /home/maro/stuff/cUnitTest/cmocka-1.0.0/build/CMakeFiles/CMakeTmp/CMakeFiles 1
Building C object CMakeFiles/cmTryCompileExec2888274457.dir/CheckFunctionExists.c.o
/usr/bin/cc   -std=gnu99 -pedantic -pedantic-errors -Wall -Wextra -Wshadow -Wmissing-prototypes -Wdeclaration-after-statement -Wunused -Wfloat-equal -Wpointer-arith -Wwrite-strings -Wformat-security -Wmissing-format-attribute -Wundef -fPIC -fstack-protector -D_GNU_SOURCE -D_LARGEFILE64_SOURCE -DCHECK_FUNCTION_EXISTS=fprintf   -o CMakeFiles/cmTryCompileExec2888274457.dir/CheckFunctionExists.c.o   -c /usr/share/cmake-2.8/Modules/CheckFunctionExists.c
<command-line>:0:23: warning: conflicting types for built-in function ‘fprintf’ [enabled by default]
/usr/share/cmake-2.8/Modules/CheckFunctionExists.c:3:6: note: in expansion of macro ‘CHECK_FUNCTION_EXISTS’
 char CHECK_FUNCTION_EXISTS();
      ^
Linking C executable cmTryCompileExec2888274457
/usr/bin/cmake -E cmake_link_script CMakeFiles/cmTryCompileExec2888274457.dir/link.txt --verbose=1
/usr/bin/cc   -std=gnu99 -pedantic -pedantic-errors -Wall -Wextra -Wshadow -Wmissing-prototypes -Wdeclaration-after-statement -Wunused -Wfloat-equal -Wpointer-arith -Wwrite-strings -Wformat-security -Wmissing-format-attribute -Wundef -fPIC -fstack-protector -D_GNU_SOURCE -D_LARGEFILE64_SOURCE -DCHECK_FUNCTION_EXISTS=fprintf    CMakeFiles/cmTryCompileExec2888274457.dir/CheckFunctionExists.c.o  -o cmTryCompileExec2888274457 -rdynamic 
make[1]: Leaving directory `/home/maro/stuff/cUnitTest/cmocka-1.0.0/build/CMakeFiles/CMakeTmp'


Determining if the function free exists passed with the following output:
Change Dir: /home/maro/stuff/cUnitTest/cmocka-1.0.0/build/CMakeFiles/CMakeTmp

Run Build Command:/usr/bin/make "cmTryCompileExec3435746923/fast"
/usr/bin/make -f CMakeFiles/cmTryCompileExec3435746923.dir/build.make CMakeFiles/cmTryCompileExec3435746923.dir/build
make[1]: Entering directory `/home/maro/stuff/cUnitTest/cmocka-1.0.0/build/CMakeFiles/CMakeTmp'
/usr/bin/cmake -E cmake_progress_report /home/maro/stuff/cUnitTest/cmocka-1.0.0/build/CMakeFiles/CMakeTmp/CMakeFiles 1
Building C object CMakeFiles/cmTryCompileExec3435746923.dir/CheckFunctionExists.c.o
/usr/bin/cc   -std=gnu99 -pedantic -pedantic-errors -Wall -Wextra -Wshadow -Wmissing-prototypes -Wdeclaration-after-statement -Wunused -Wfloat-equal -Wpointer-arith -Wwrite-strings -Wformat-security -Wmissing-format-attribute -Wundef -fPIC -fstack-protector -D_GNU_SOURCE -D_LARGEFILE64_SOURCE -DCHECK_FUNCTION_EXISTS=free   -o CMakeFiles/cmTryCompileExec3435746923.dir/CheckFunctionExists.c.o   -c /usr/share/cmake-2.8/Modules/CheckFunctionExists.c
<command-line>:0:23: warning: conflicting types for built-in function ‘free’ [enabled by default]
/usr/share/cmake-2.8/Modules/CheckFunctionExists.c:3:6: note: in expansion of macro ‘CHECK_FUNCTION_EXISTS’
 char CHECK_FUNCTION_EXISTS();
      ^
Linking C executable cmTryCompileExec3435746923
/usr/bin/cmake -E cmake_link_script CMakeFiles/cmTryCompileExec3435746923.dir/link.txt --verbose=1
/usr/bin/cc   -std=gnu99 -pedantic -pedantic-errors -Wall -Wextra -Wshadow -Wmissing-prototypes -Wdeclaration-after-statement -Wunused -Wfloat-equal -Wpointer-arith -Wwrite-strings -Wformat-security -Wmissing-format-attribute -Wundef -fPIC -fstack-protector -D_GNU_SOURCE -D_LARGEFILE64_SOURCE -DCHECK_FUNCTION_EXISTS=free    CMakeFiles/cmTryCompileExec3435746923.dir/CheckFunctionExists.c.o  -o cmTryCompileExec3435746923 -rdynamic 
make[1]: Leaving directory `/home/maro/stuff/cUnitTest/cmocka-1.0.0/build/CMakeFiles/CMakeTmp'


Determining if the function longjmp exists passed with the following output:
Change Dir: /home/maro/stuff/cUnitTest/cmocka-1.0.0/build/CMakeFiles/CMakeTmp

Run Build Command:/usr/bin/make "cmTryCompileExec1765203994/fast"
/usr/bin/make -f CMakeFiles/cmTryCompileExec1765203994.dir/build.make CMakeFiles/cmTryCompileExec1765203994.dir/build
make[1]: Entering directory `/home/maro/stuff/cUnitTest/cmocka-1.0.0/build/CMakeFiles/CMakeTmp'
/usr/bin/cmake -E cmake_progress_report /home/maro/stuff/cUnitTest/cmocka-1.0.0/build/CMakeFiles/CMakeTmp/CMakeFiles 1
Building C object CMakeFiles/cmTryCompileExec1765203994.dir/CheckFunctionExists.c.o
/usr/bin/cc   -std=gnu99 -pedantic -pedantic-errors -Wall -Wextra -Wshadow -Wmissing-prototypes -Wdeclaration-after-statement -Wunused -Wfloat-equal -Wpointer-arith -Wwrite-strings -Wformat-security -Wmissing-format-attribute -Wundef -fPIC -fstack-protector -D_GNU_SOURCE -D_LARGEFILE64_SOURCE -DCHECK_FUNCTION_EXISTS=longjmp   -o CMakeFiles/cmTryCompileExec1765203994.dir/CheckFunctionExists.c.o   -c /usr/share/cmake-2.8/Modules/CheckFunctionExists.c
Linking C executable cmTryCompileExec1765203994
/usr/bin/cmake -E cmake_link_script CMakeFiles/cmTryCompileExec1765203994.dir/link.txt --verbose=1
/usr/bin/cc   -std=gnu99 -pedantic -pedantic-errors -Wall -Wextra -Wshadow -Wmissing-prototypes -Wdeclaration-after-statement -Wunused -Wfloat-equal -Wpointer-arith -Wwrite-strings -Wformat-security -Wmissing-format-attribute -Wundef -fPIC -fstack-protector -D_GNU_SOURCE -D_LARGEFILE64_SOURCE -DCHECK_FUNCTION_EXISTS=longjmp    CMakeFiles/cmTryCompileExec1765203994.dir/CheckFunctionExists.c.o  -o cmTryCompileExec1765203994 -rdynamic 
make[1]: Leaving directory `/home/maro/stuff/cUnitTest/cmocka-1.0.0/build/CMakeFiles/CMakeTmp'


Determining if the function malloc exists passed with the following output:
Change Dir: /home/maro/stuff/cUnitTest/cmocka-1.0.0/build/CMakeFiles/CMakeTmp

Run Build Command:/usr/bin/make "cmTryCompileExec2048523959/fast"
/usr/bin/make -f CMakeFiles/cmTryCompileExec2048523959.dir/build.make CMakeFiles/cmTryCompileExec2048523959.dir/build
make[1]: Entering directory `/home/maro/stuff/cUnitTest/cmocka-1.0.0/build/CMakeFiles/CMakeTmp'
/usr/bin/cmake -E cmake_progress_report /home/maro/stuff/cUnitTest/cmocka-1.0.0/build/CMakeFiles/CMakeTmp/CMakeFiles 1
Building C object CMakeFiles/cmTryCompileExec2048523959.dir/CheckFunctionExists.c.o
/usr/bin/cc   -std=gnu99 -pedantic -pedantic-errors -Wall -Wextra -Wshadow -Wmissing-prototypes -Wdeclaration-after-statement -Wunused -Wfloat-equal -Wpointer-arith -Wwrite-strings -Wformat-security -Wmissing-format-attribute -Wundef -fPIC -fstack-protector -D_GNU_SOURCE -D_LARGEFILE64_SOURCE -DCHECK_FUNCTION_EXISTS=malloc   -o CMakeFiles/cmTryCompileExec2048523959.dir/CheckFunctionExists.c.o   -c /usr/share/cmake-2.8/Modules/CheckFunctionExists.c
<command-line>:0:23: warning: conflicting types for built-in function ‘malloc’ [enabled by default]
/usr/share/cmake-2.8/Modules/CheckFunctionExists.c:3:6: note: in expansion of macro ‘CHECK_FUNCTION_EXISTS’
 char CHECK_FUNCTION_EXISTS();
      ^
Linking C executable cmTryCompileExec2048523959
/usr/bin/cmake -E cmake_link_script CMakeFiles/cmTryCompileExec2048523959.dir/link.txt --verbose=1
/usr/bin/cc   -std=gnu99 -pedantic -pedantic-errors -Wall -Wextra -Wshadow -Wmissing-prototypes -Wdeclaration-after-statement -Wunused -Wfloat-equal -Wpointer-arith -Wwrite-strings -Wformat-security -Wmissing-format-attribute -Wundef -fPIC -fstack-protector -D_GNU_SOURCE -D_LARGEFILE64_SOURCE -DCHECK_FUNCTION_EXISTS=malloc    CMakeFiles/cmTryCompileExec2048523959.dir/CheckFunctionExists.c.o  -o cmTryCompileExec2048523959 -rdynamic 
make[1]: Leaving directory `/home/maro/stuff/cUnitTest/cmocka-1.0.0/build/CMakeFiles/CMakeTmp'


Determining if the function memcpy exists passed with the following output:
Change Dir: /home/maro/stuff/cUnitTest/cmocka-1.0.0/build/CMakeFiles/CMakeTmp

Run Build Command:/usr/bin/make "cmTryCompileExec941737472/fast"
/usr/bin/make -f CMakeFiles/cmTryCompileExec941737472.dir/build.make CMakeFiles/cmTryCompileExec941737472.dir/build
make[1]: Entering directory `/home/maro/stuff/cUnitTest/cmocka-1.0.0/build/CMakeFiles/CMakeTmp'
/usr/bin/cmake -E cmake_progress_report /home/maro/stuff/cUnitTest/cmocka-1.0.0/build/CMakeFiles/CMakeTmp/CMakeFiles 1
Building C object CMakeFiles/cmTryCompileExec941737472.dir/CheckFunctionExists.c.o
/usr/bin/cc   -std=gnu99 -pedantic -pedantic-errors -Wall -Wextra -Wshadow -Wmissing-prototypes -Wdeclaration-after-statement -Wunused -Wfloat-equal -Wpointer-arith -Wwrite-strings -Wformat-security -Wmissing-format-attribute -Wundef -fPIC -fstack-protector -D_GNU_SOURCE -D_LARGEFILE64_SOURCE -DCHECK_FUNCTION_EXISTS=memcpy   -o CMakeFiles/cmTryCompileExec941737472.dir/CheckFunctionExists.c.o   -c /usr/share/cmake-2.8/Modules/CheckFunctionExists.c
<command-line>:0:23: warning: conflicting types for built-in function ‘memcpy’ [enabled by default]
/usr/share/cmake-2.8/Modules/CheckFunctionExists.c:3:6: note: in expansion of macro ‘CHECK_FUNCTION_EXISTS’
 char CHECK_FUNCTION_EXISTS();
      ^
Linking C executable cmTryCompileExec941737472
/usr/bin/cmake -E cmake_link_script CMakeFiles/cmTryCompileExec941737472.dir/link.txt --verbose=1
/usr/bin/cc   -std=gnu99 -pedantic -pedantic-errors -Wall -Wextra -Wshadow -Wmissing-prototypes -Wdeclaration-after-statement -Wunused -Wfloat-equal -Wpointer-arith -Wwrite-strings -Wformat-security -Wmissing-format-attribute -Wundef -fPIC -fstack-protector -D_GNU_SOURCE -D_LARGEFILE64_SOURCE -DCHECK_FUNCTION_EXISTS=memcpy    CMakeFiles/cmTryCompileExec941737472.dir/CheckFunctionExists.c.o  -o cmTryCompileExec941737472 -rdynamic 
make[1]: Leaving directory `/home/maro/stuff/cUnitTest/cmocka-1.0.0/build/CMakeFiles/CMakeTmp'


Determining if the function memset exists passed with the following output:
Change Dir: /home/maro/stuff/cUnitTest/cmocka-1.0.0/build/CMakeFiles/CMakeTmp

Run Build Command:/usr/bin/make "cmTryCompileExec3771940664/fast"
/usr/bin/make -f CMakeFiles/cmTryCompileExec3771940664.dir/build.make CMakeFiles/cmTryCompileExec3771940664.dir/build
make[1]: Entering directory `/home/maro/stuff/cUnitTest/cmocka-1.0.0/build/CMakeFiles/CMakeTmp'
/usr/bin/cmake -E cmake_progress_report /home/maro/stuff/cUnitTest/cmocka-1.0.0/build/CMakeFiles/CMakeTmp/CMakeFiles 1
Building C object CMakeFiles/cmTryCompileExec3771940664.dir/CheckFunctionExists.c.o
/usr/bin/cc   -std=gnu99 -pedantic -pedantic-errors -Wall -Wextra -Wshadow -Wmissing-prototypes -Wdeclaration-after-statement -Wunused -Wfloat-equal -Wpointer-arith -Wwrite-strings -Wformat-security -Wmissing-format-attribute -Wundef -fPIC -fstack-protector -D_GNU_SOURCE -D_LARGEFILE64_SOURCE -DCHECK_FUNCTION_EXISTS=memset   -o CMakeFiles/cmTryCompileExec3771940664.dir/CheckFunctionExists.c.o   -c /usr/share/cmake-2.8/Modules/CheckFunctionExists.c
<command-line>:0:23: warning: conflicting types for built-in function ‘memset’ [enabled by default]
/usr/share/cmake-2.8/Modules/CheckFunctionExists.c:3:6: note: in expansion of macro ‘CHECK_FUNCTION_EXISTS’
 char CHECK_FUNCTION_EXISTS();
      ^
Linking C executable cmTryCompileExec3771940664
/usr/bin/cmake -E cmake_link_script CMakeFiles/cmTryCompileExec3771940664.dir/link.txt --verbose=1
/usr/bin/cc   -std=gnu99 -pedantic -pedantic-errors -Wall -Wextra -Wshadow -Wmissing-prototypes -Wdeclaration-after-statement -Wunused -Wfloat-equal -Wpointer-arith -Wwrite-strings -Wformat-security -Wmissing-format-attribute -Wundef -fPIC -fstack-protector -D_GNU_SOURCE -D_LARGEFILE64_SOURCE -DCHECK_FUNCTION_EXISTS=memset    CMakeFiles/cmTryCompileExec3771940664.dir/CheckFunctionExists.c.o  -o cmTryCompileExec3771940664 -rdynamic 
make[1]: Leaving directory `/home/maro/stuff/cUnitTest/cmocka-1.0.0/build/CMakeFiles/CMakeTmp'


Determining if the function printf exists passed with the following output:
Change Dir: /home/maro/stuff/cUnitTest/cmocka-1.0.0/build/CMakeFiles/CMakeTmp

Run Build Command:/usr/bin/make "cmTryCompileExec2559165030/fast"
/usr/bin/make -f CMakeFiles/cmTryCompileExec2559165030.dir/build.make CMakeFiles/cmTryCompileExec2559165030.dir/build
make[1]: Entering directory `/home/maro/stuff/cUnitTest/cmocka-1.0.0/build/CMakeFiles/CMakeTmp'
/usr/bin/cmake -E cmake_progress_report /home/maro/stuff/cUnitTest/cmocka-1.0.0/build/CMakeFiles/CMakeTmp/CMakeFiles 1
Building C object CMakeFiles/cmTryCompileExec2559165030.dir/CheckFunctionExists.c.o
/usr/bin/cc   -std=gnu99 -pedantic -pedantic-errors -Wall -Wextra -Wshadow -Wmissing-prototypes -Wdeclaration-after-statement -Wunused -Wfloat-equal -Wpointer-arith -Wwrite-strings -Wformat-security -Wmissing-format-attribute -Wundef -fPIC -fstack-protector -D_GNU_SOURCE -D_LARGEFILE64_SOURCE -DCHECK_FUNCTION_EXISTS=printf   -o CMakeFiles/cmTryCompileExec2559165030.dir/CheckFunctionExists.c.o   -c /usr/share/cmake-2.8/Modules/CheckFunctionExists.c
<command-line>:0:23: warning: conflicting types for built-in function ‘printf’ [enabled by default]
/usr/share/cmake-2.8/Modules/CheckFunctionExists.c:3:6: note: in expansion of macro ‘CHECK_FUNCTION_EXISTS’
 char CHECK_FUNCTION_EXISTS();
      ^
Linking C executable cmTryCompileExec2559165030
/usr/bin/cmake -E cmake_link_script CMakeFiles/cmTryCompileExec2559165030.dir/link.txt --verbose=1
/usr/bin/cc   -std=gnu99 -pedantic -pedantic-errors -Wall -Wextra -Wshadow -Wmissing-prototypes -Wdeclaration-after-statement -Wunused -Wfloat-equal -Wpointer-arith -Wwrite-strings -Wformat-security -Wmissing-format-attribute -Wundef -fPIC -fstack-protector -D_GNU_SOURCE -D_LARGEFILE64_SOURCE -DCHECK_FUNCTION_EXISTS=printf    CMakeFiles/cmTryCompileExec2559165030.dir/CheckFunctionExists.c.o  -o cmTryCompileExec2559165030 -rdynamic 
make[1]: Leaving directory `/home/maro/stuff/cUnitTest/cmocka-1.0.0/build/CMakeFiles/CMakeTmp'


Determining if the function setjmp exists passed with the following output:
Change Dir: /home/maro/stuff/cUnitTest/cmocka-1.0.0/build/CMakeFiles/CMakeTmp

Run Build Command:/usr/bin/make "cmTryCompileExec2116607313/fast"
/usr/bin/make -f CMakeFiles/cmTryCompileExec2116607313.dir/build.make CMakeFiles/cmTryCompileExec2116607313.dir/build
make[1]: Entering directory `/home/maro/stuff/cUnitTest/cmocka-1.0.0/build/CMakeFiles/CMakeTmp'
/usr/bin/cmake -E cmake_progress_report /home/maro/stuff/cUnitTest/cmocka-1.0.0/build/CMakeFiles/CMakeTmp/CMakeFiles 1
Building C object CMakeFiles/cmTryCompileExec2116607313.dir/CheckFunctionExists.c.o
/usr/bin/cc   -std=gnu99 -pedantic -pedantic-errors -Wall -Wextra -Wshadow -Wmissing-prototypes -Wdeclaration-after-statement -Wunused -Wfloat-equal -Wpointer-arith -Wwrite-strings -Wformat-security -Wmissing-format-attribute -Wundef -fPIC -fstack-protector -D_GNU_SOURCE -D_LARGEFILE64_SOURCE -DCHECK_FUNCTION_EXISTS=setjmp   -o CMakeFiles/cmTryCompileExec2116607313.dir/CheckFunctionExists.c.o   -c /usr/share/cmake-2.8/Modules/CheckFunctionExists.c
Linking C executable cmTryCompileExec2116607313
/usr/bin/cmake -E cmake_link_script CMakeFiles/cmTryCompileExec2116607313.dir/link.txt --verbose=1
/usr/bin/cc   -std=gnu99 -pedantic -pedantic-errors -Wall -Wextra -Wshadow -Wmissing-prototypes -Wdeclaration-after-statement -Wunused -Wfloat-equal -Wpointer-arith -Wwrite-strings -Wformat-security -Wmissing-format-attribute -Wundef -fPIC -fstack-protector -D_GNU_SOURCE -D_LARGEFILE64_SOURCE -DCHECK_FUNCTION_EXISTS=setjmp    CMakeFiles/cmTryCompileExec2116607313.dir/CheckFunctionExists.c.o  -o cmTryCompileExec2116607313 -rdynamic 
make[1]: Leaving directory `/home/maro/stuff/cUnitTest/cmocka-1.0.0/build/CMakeFiles/CMakeTmp'


Determining if the function signal exists passed with the following output:
Change Dir: /home/maro/stuff/cUnitTest/cmocka-1.0.0/build/CMakeFiles/CMakeTmp

Run Build Command:/usr/bin/make "cmTryCompileExec2318056271/fast"
/usr/bin/make -f CMakeFiles/cmTryCompileExec2318056271.dir/build.make CMakeFiles/cmTryCompileExec2318056271.dir/build
make[1]: Entering directory `/home/maro/stuff/cUnitTest/cmocka-1.0.0/build/CMakeFiles/CMakeTmp'
/usr/bin/cmake -E cmake_progress_report /home/maro/stuff/cUnitTest/cmocka-1.0.0/build/CMakeFiles/CMakeTmp/CMakeFiles 1
Building C object CMakeFiles/cmTryCompileExec2318056271.dir/CheckFunctionExists.c.o
/usr/bin/cc   -std=gnu99 -pedantic -pedantic-errors -Wall -Wextra -Wshadow -Wmissing-prototypes -Wdeclaration-after-statement -Wunused -Wfloat-equal -Wpointer-arith -Wwrite-strings -Wformat-security -Wmissing-format-attribute -Wundef -fPIC -fstack-protector -D_GNU_SOURCE -D_LARGEFILE64_SOURCE -DCHECK_FUNCTION_EXISTS=signal   -o CMakeFiles/cmTryCompileExec2318056271.dir/CheckFunctionExists.c.o   -c /usr/share/cmake-2.8/Modules/CheckFunctionExists.c
Linking C executable cmTryCompileExec2318056271
/usr/bin/cmake -E cmake_link_script CMakeFiles/cmTryCompileExec2318056271.dir/link.txt --verbose=1
/usr/bin/cc   -std=gnu99 -pedantic -pedantic-errors -Wall -Wextra -Wshadow -Wmissing-prototypes -Wdeclaration-after-statement -Wunused -Wfloat-equal -Wpointer-arith -Wwrite-strings -Wformat-security -Wmissing-format-attribute -Wundef -fPIC -fstack-protector -D_GNU_SOURCE -D_LARGEFILE64_SOURCE -DCHECK_FUNCTION_EXISTS=signal    CMakeFiles/cmTryCompileExec2318056271.dir/CheckFunctionExists.c.o  -o cmTryCompileExec2318056271 -rdynamic 
make[1]: Leaving directory `/home/maro/stuff/cUnitTest/cmocka-1.0.0/build/CMakeFiles/CMakeTmp'


Determining if the function strsignal exists passed with the following output:
Change Dir: /home/maro/stuff/cUnitTest/cmocka-1.0.0/build/CMakeFiles/CMakeTmp

Run Build Command:/usr/bin/make "cmTryCompileExec1166976033/fast"
/usr/bin/make -f CMakeFiles/cmTryCompileExec1166976033.dir/build.make CMakeFiles/cmTryCompileExec1166976033.dir/build
make[1]: Entering directory `/home/maro/stuff/cUnitTest/cmocka-1.0.0/build/CMakeFiles/CMakeTmp'
/usr/bin/cmake -E cmake_progress_report /home/maro/stuff/cUnitTest/cmocka-1.0.0/build/CMakeFiles/CMakeTmp/CMakeFiles 1
Building C object CMakeFiles/cmTryCompileExec1166976033.dir/CheckFunctionExists.c.o
/usr/bin/cc   -std=gnu99 -pedantic -pedantic-errors -Wall -Wextra -Wshadow -Wmissing-prototypes -Wdeclaration-after-statement -Wunused -Wfloat-equal -Wpointer-arith -Wwrite-strings -Wformat-security -Wmissing-format-attribute -Wundef -fPIC -fstack-protector -D_GNU_SOURCE -D_LARGEFILE64_SOURCE -DCHECK_FUNCTION_EXISTS=strsignal   -o CMakeFiles/cmTryCompileExec1166976033.dir/CheckFunctionExists.c.o   -c /usr/share/cmake-2.8/Modules/CheckFunctionExists.c
Linking C executable cmTryCompileExec1166976033
/usr/bin/cmake -E cmake_link_script CMakeFiles/cmTryCompileExec1166976033.dir/link.txt --verbose=1
/usr/bin/cc   -std=gnu99 -pedantic -pedantic-errors -Wall -Wextra -Wshadow -Wmissing-prototypes -Wdeclaration-after-statement -Wunused -Wfloat-equal -Wpointer-arith -Wwrite-strings -Wformat-security -Wmissing-format-attribute -Wundef -fPIC -fstack-protector -D_GNU_SOURCE -D_LARGEFILE64_SOURCE -DCHECK_FUNCTION_EXISTS=strsignal    CMakeFiles/cmTryCompileExec1166976033.dir/CheckFunctionExists.c.o  -o cmTryCompileExec1166976033 -rdynamic 
make[1]: Leaving directory `/home/maro/stuff/cUnitTest/cmocka-1.0.0/build/CMakeFiles/CMakeTmp'


Determining if the function sprintf exists passed with the following output:
Change Dir: /home/maro/stuff/cUnitTest/cmocka-1.0.0/build/CMakeFiles/CMakeTmp

Run Build Command:/usr/bin/make "cmTryCompileExec1797808982/fast"
/usr/bin/make -f CMakeFiles/cmTryCompileExec1797808982.dir/build.make CMakeFiles/cmTryCompileExec1797808982.dir/build
make[1]: Entering directory `/home/maro/stuff/cUnitTest/cmocka-1.0.0/build/CMakeFiles/CMakeTmp'
/usr/bin/cmake -E cmake_progress_report /home/maro/stuff/cUnitTest/cmocka-1.0.0/build/CMakeFiles/CMakeTmp/CMakeFiles 1
Building C object CMakeFiles/cmTryCompileExec1797808982.dir/CheckFunctionExists.c.o
/usr/bin/cc   -std=gnu99 -pedantic -pedantic-errors -Wall -Wextra -Wshadow -Wmissing-prototypes -Wdeclaration-after-statement -Wunused -Wfloat-equal -Wpointer-arith -Wwrite-strings -Wformat-security -Wmissing-format-attribute -Wundef -fPIC -fstack-protector -D_GNU_SOURCE -D_LARGEFILE64_SOURCE -DCHECK_FUNCTION_EXISTS=sprintf   -o CMakeFiles/cmTryCompileExec1797808982.dir/CheckFunctionExists.c.o   -c /usr/share/cmake-2.8/Modules/CheckFunctionExists.c
<command-line>:0:23: warning: conflicting types for built-in function ‘sprintf’ [enabled by default]
/usr/share/cmake-2.8/Modules/CheckFunctionExists.c:3:6: note: in expansion of macro ‘CHECK_FUNCTION_EXISTS’
 char CHECK_FUNCTION_EXISTS();
      ^
Linking C executable cmTryCompileExec1797808982
/usr/bin/cmake -E cmake_link_script CMakeFiles/cmTryCompileExec1797808982.dir/link.txt --verbose=1
/usr/bin/cc   -std=gnu99 -pedantic -pedantic-errors -Wall -Wextra -Wshadow -Wmissing-prototypes -Wdeclaration-after-statement -Wunused -Wfloat-equal -Wpointer-arith -Wwrite-strings -Wformat-security -Wmissing-format-attribute -Wundef -fPIC -fstack-protector -D_GNU_SOURCE -D_LARGEFILE64_SOURCE -DCHECK_FUNCTION_EXISTS=sprintf    CMakeFiles/cmTryCompileExec1797808982.dir/CheckFunctionExists.c.o  -o cmTryCompileExec1797808982 -rdynamic 
make[1]: Leaving directory `/home/maro/stuff/cUnitTest/cmocka-1.0.0/build/CMakeFiles/CMakeTmp'


Determining if the function strcmp exists passed with the following output:
Change Dir: /home/maro/stuff/cUnitTest/cmocka-1.0.0/build/CMakeFiles/CMakeTmp

Run Build Command:/usr/bin/make "cmTryCompileExec4143015756/fast"
/usr/bin/make -f CMakeFiles/cmTryCompileExec4143015756.dir/build.make CMakeFiles/cmTryCompileExec4143015756.dir/build
make[1]: Entering directory `/home/maro/stuff/cUnitTest/cmocka-1.0.0/build/CMakeFiles/CMakeTmp'
/usr/bin/cmake -E cmake_progress_report /home/maro/stuff/cUnitTest/cmocka-1.0.0/build/CMakeFiles/CMakeTmp/CMakeFiles 1
Building C object CMakeFiles/cmTryCompileExec4143015756.dir/CheckFunctionExists.c.o
/usr/bin/cc   -std=gnu99 -pedantic -pedantic-errors -Wall -Wextra -Wshadow -Wmissing-prototypes -Wdeclaration-after-statement -Wunused -Wfloat-equal -Wpointer-arith -Wwrite-strings -Wformat-security -Wmissing-format-attribute -Wundef -fPIC -fstack-protector -D_GNU_SOURCE -D_LARGEFILE64_SOURCE -DCHECK_FUNCTION_EXISTS=strcmp   -o CMakeFiles/cmTryCompileExec4143015756.dir/CheckFunctionExists.c.o   -c /usr/share/cmake-2.8/Modules/CheckFunctionExists.c
<command-line>:0:23: warning: conflicting types for built-in function ‘strcmp’ [enabled by default]
/usr/share/cmake-2.8/Modules/CheckFunctionExists.c:3:6: note: in expansion of macro ‘CHECK_FUNCTION_EXISTS’
 char CHECK_FUNCTION_EXISTS();
      ^
Linking C executable cmTryCompileExec4143015756
/usr/bin/cmake -E cmake_link_script CMakeFiles/cmTryCompileExec4143015756.dir/link.txt --verbose=1
/usr/bin/cc   -std=gnu99 -pedantic -pedantic-errors -Wall -Wextra -Wshadow -Wmissing-prototypes -Wdeclaration-after-statement -Wunused -Wfloat-equal -Wpointer-arith -Wwrite-strings -Wformat-security -Wmissing-format-attribute -Wundef -fPIC -fstack-protector -D_GNU_SOURCE -D_LARGEFILE64_SOURCE -DCHECK_FUNCTION_EXISTS=strcmp    CMakeFiles/cmTryCompileExec4143015756.dir/CheckFunctionExists.c.o  -o cmTryCompileExec4143015756 -rdynamic 
make[1]: Leaving directory `/home/maro/stuff/cUnitTest/cmocka-1.0.0/build/CMakeFiles/CMakeTmp'


Determining if the function vsnprintf exists passed with the following output:
Change Dir: /home/maro/stuff/cUnitTest/cmocka-1.0.0/build/CMakeFiles/CMakeTmp

Run Build Command:/usr/bin/make "cmTryCompileExec3614254785/fast"
/usr/bin/make -f CMakeFiles/cmTryCompileExec3614254785.dir/build.make CMakeFiles/cmTryCompileExec3614254785.dir/build
make[1]: Entering directory `/home/maro/stuff/cUnitTest/cmocka-1.0.0/build/CMakeFiles/CMakeTmp'
/usr/bin/cmake -E cmake_progress_report /home/maro/stuff/cUnitTest/cmocka-1.0.0/build/CMakeFiles/CMakeTmp/CMakeFiles 1
Building C object CMakeFiles/cmTryCompileExec3614254785.dir/CheckFunctionExists.c.o
/usr/bin/cc   -std=gnu99 -pedantic -pedantic-errors -Wall -Wextra -Wshadow -Wmissing-prototypes -Wdeclaration-after-statement -Wunused -Wfloat-equal -Wpointer-arith -Wwrite-strings -Wformat-security -Wmissing-format-attribute -Wundef -fPIC -fstack-protector -D_GNU_SOURCE -D_LARGEFILE64_SOURCE -DCHECK_FUNCTION_EXISTS=vsnprintf   -o CMakeFiles/cmTryCompileExec3614254785.dir/CheckFunctionExists.c.o   -c /usr/share/cmake-2.8/Modules/CheckFunctionExists.c
<command-line>:0:23: warning: conflicting types for built-in function ‘vsnprintf’ [enabled by default]
/usr/share/cmake-2.8/Modules/CheckFunctionExists.c:3:6: note: in expansion of macro ‘CHECK_FUNCTION_EXISTS’
 char CHECK_FUNCTION_EXISTS();
      ^
Linking C executable cmTryCompileExec3614254785
/usr/bin/cmake -E cmake_link_script CMakeFiles/cmTryCompileExec3614254785.dir/link.txt --verbose=1
/usr/bin/cc   -std=gnu99 -pedantic -pedantic-errors -Wall -Wextra -Wshadow -Wmissing-prototypes -Wdeclaration-after-statement -Wunused -Wfloat-equal -Wpointer-arith -Wwrite-strings -Wformat-security -Wmissing-format-attribute -Wundef -fPIC -fstack-protector -D_GNU_SOURCE -D_LARGEFILE64_SOURCE -DCHECK_FUNCTION_EXISTS=vsnprintf    CMakeFiles/cmTryCompileExec3614254785.dir/CheckFunctionExists.c.o  -o cmTryCompileExec3614254785 -rdynamic 
make[1]: Leaving directory `/home/maro/stuff/cUnitTest/cmocka-1.0.0/build/CMakeFiles/CMakeTmp'


Determining if the function clock_gettime exists passed with the following output:
Change Dir: /home/maro/stuff/cUnitTest/cmocka-1.0.0/build/CMakeFiles/CMakeTmp

Run Build Command:/usr/bin/make "cmTryCompileExec2803934271/fast"
/usr/bin/make -f CMakeFiles/cmTryCompileExec2803934271.dir/build.make CMakeFiles/cmTryCompileExec2803934271.dir/build
make[1]: Entering directory `/home/maro/stuff/cUnitTest/cmocka-1.0.0/build/CMakeFiles/CMakeTmp'
/usr/bin/cmake -E cmake_progress_report /home/maro/stuff/cUnitTest/cmocka-1.0.0/build/CMakeFiles/CMakeTmp/CMakeFiles 1
Building C object CMakeFiles/cmTryCompileExec2803934271.dir/CheckFunctionExists.c.o
/usr/bin/cc   -std=gnu99 -pedantic -pedantic-errors -Wall -Wextra -Wshadow -Wmissing-prototypes -Wdeclaration-after-statement -Wunused -Wfloat-equal -Wpointer-arith -Wwrite-strings -Wformat-security -Wmissing-format-attribute -Wundef -fPIC -fstack-protector -D_GNU_SOURCE -D_LARGEFILE64_SOURCE -DCHECK_FUNCTION_EXISTS=clock_gettime   -o CMakeFiles/cmTryCompileExec2803934271.dir/CheckFunctionExists.c.o   -c /usr/share/cmake-2.8/Modules/CheckFunctionExists.c
Linking C executable cmTryCompileExec2803934271
/usr/bin/cmake -E cmake_link_script CMakeFiles/cmTryCompileExec2803934271.dir/link.txt --verbose=1
/usr/bin/cc   -std=gnu99 -pedantic -pedantic-errors -Wall -Wextra -Wshadow -Wmissing-prototypes -Wdeclaration-after-statement -Wunused -Wfloat-equal -Wpointer-arith -Wwrite-strings -Wformat-security -Wmissing-format-attribute -Wundef -fPIC -fstack-protector -D_GNU_SOURCE -D_LARGEFILE64_SOURCE -DCHECK_FUNCTION_EXISTS=clock_gettime    CMakeFiles/cmTryCompileExec2803934271.dir/CheckFunctionExists.c.o  -o cmTryCompileExec2803934271 -rdynamic 
make[1]: Leaving directory `/home/maro/stuff/cUnitTest/cmocka-1.0.0/build/CMakeFiles/CMakeTmp'


Performing C SOURCE FILE Test HAVE_GCC_THREAD_LOCAL_STORAGE succeded with the following output:
Change Dir: /home/maro/stuff/cUnitTest/cmocka-1.0.0/build/CMakeFiles/CMakeTmp

Run Build Command:/usr/bin/make "cmTryCompileExec395482499/fast"
/usr/bin/make -f CMakeFiles/cmTryCompileExec395482499.dir/build.make CMakeFiles/cmTryCompileExec395482499.dir/build
make[1]: Entering directory `/home/maro/stuff/cUnitTest/cmocka-1.0.0/build/CMakeFiles/CMakeTmp'
/usr/bin/cmake -E cmake_progress_report /home/maro/stuff/cUnitTest/cmocka-1.0.0/build/CMakeFiles/CMakeTmp/CMakeFiles 1
Building C object CMakeFiles/cmTryCompileExec395482499.dir/src.c.o
/usr/bin/cc   -std=gnu99 -pedantic -pedantic-errors -Wall -Wextra -Wshadow -Wmissing-prototypes -Wdeclaration-after-statement -Wunused -Wfloat-equal -Wpointer-arith -Wwrite-strings -Wformat-security -Wmissing-format-attribute -Wundef -fPIC -fstack-protector -D_GNU_SOURCE -D_LARGEFILE64_SOURCE -DHAVE_GCC_THREAD_LOCAL_STORAGE   -o CMakeFiles/cmTryCompileExec395482499.dir/src.c.o   -c /home/maro/stuff/cUnitTest/cmocka-1.0.0/build/CMakeFiles/CMakeTmp/src.c
Linking C executable cmTryCompileExec395482499
/usr/bin/cmake -E cmake_link_script CMakeFiles/cmTryCompileExec395482499.dir/link.txt --verbose=1
/usr/bin/cc   -std=gnu99 -pedantic -pedantic-errors -Wall -Wextra -Wshadow -Wmissing-prototypes -Wdeclaration-after-statement -Wunused -Wfloat-equal -Wpointer-arith -Wwrite-strings -Wformat-security -Wmissing-format-attribute -Wundef -fPIC -fstack-protector -D_GNU_SOURCE -D_LARGEFILE64_SOURCE -DHAVE_GCC_THREAD_LOCAL_STORAGE    CMakeFiles/cmTryCompileExec395482499.dir/src.c.o  -o cmTryCompileExec395482499 -rdynamic -lrt 
make[1]: Leaving directory `/home/maro/stuff/cUnitTest/cmocka-1.0.0/build/CMakeFiles/CMakeTmp'

Source file was:

__thread int tls;

int main(void) {
    return 0;
}
Performing C SOURCE FILE Test HAVE_CLOCK_GETTIME_REALTIME succeded with the following output:
Change Dir: /home/maro/stuff/cUnitTest/cmocka-1.0.0/build/CMakeFiles/CMakeTmp

Run Build Command:/usr/bin/make "cmTryCompileExec973304905/fast"
/usr/bin/make -f CMakeFiles/cmTryCompileExec973304905.dir/build.make CMakeFiles/cmTryCompileExec973304905.dir/build
make[1]: Entering directory `/home/maro/stuff/cUnitTest/cmocka-1.0.0/build/CMakeFiles/CMakeTmp'
/usr/bin/cmake -E cmake_progress_report /home/maro/stuff/cUnitTest/cmocka-1.0.0/build/CMakeFiles/CMakeTmp/CMakeFiles 1
Building C object CMakeFiles/cmTryCompileExec973304905.dir/src.c.o
/usr/bin/cc   -std=gnu99 -pedantic -pedantic-errors -Wall -Wextra -Wshadow -Wmissing-prototypes -Wdeclaration-after-statement -Wunused -Wfloat-equal -Wpointer-arith -Wwrite-strings -Wformat-security -Wmissing-format-attribute -Wundef -fPIC -fstack-protector -D_GNU_SOURCE -D_LARGEFILE64_SOURCE -DHAVE_CLOCK_GETTIME_REALTIME   -o CMakeFiles/cmTryCompileExec973304905.dir/src.c.o   -c /home/maro/stuff/cUnitTest/cmocka-1.0.0/build/CMakeFiles/CMakeTmp/src.c
Linking C executable cmTryCompileExec973304905
/usr/bin/cmake -E cmake_link_script CMakeFiles/cmTryCompileExec973304905.dir/link.txt --verbose=1
/usr/bin/cc   -std=gnu99 -pedantic -pedantic-errors -Wall -Wextra -Wshadow -Wmissing-prototypes -Wdeclaration-after-statement -Wunused -Wfloat-equal -Wpointer-arith -Wwrite-strings -Wformat-security -Wmissing-format-attribute -Wundef -fPIC -fstack-protector -D_GNU_SOURCE -D_LARGEFILE64_SOURCE -DHAVE_CLOCK_GETTIME_REALTIME    CMakeFiles/cmTryCompileExec973304905.dir/src.c.o  -o cmTryCompileExec973304905 -rdynamic -lrt 
make[1]: Leaving directory `/home/maro/stuff/cUnitTest/cmocka-1.0.0/build/CMakeFiles/CMakeTmp'

Source file was:

#include <time.h>

int main(void) {
    struct timespec ts;

    clock_gettime(CLOCK_REALTIME, &ts);

    return 0;
}
Determining size of unsigned short passed with the following output:
Change Dir: /home/maro/stuff/cUnitTest/cmocka-1.0.0/build/CMakeFiles/CMakeTmp

Run Build Command:/usr/bin/make "cmTryCompileExec1515050534/fast"
/usr/bin/make -f CMakeFiles/cmTryCompileExec1515050534.dir/build.make CMakeFiles/cmTryCompileExec1515050534.dir/build
make[1]: Entering directory `/home/maro/stuff/cUnitTest/cmocka-1.0.0/build/CMakeFiles/CMakeTmp'
/usr/bin/cmake -E cmake_progress_report /home/maro/stuff/cUnitTest/cmocka-1.0.0/build/CMakeFiles/CMakeTmp/CMakeFiles 1
Building C object CMakeFiles/cmTryCompileExec1515050534.dir/CMAKE_SIZEOF_UNSIGNED_SHORT.c.o
/usr/bin/cc   -std=gnu99 -pedantic -pedantic-errors -Wall -Wextra -Wshadow -Wmissing-prototypes -Wdeclaration-after-statement -Wunused -Wfloat-equal -Wpointer-arith -Wwrite-strings -Wformat-security -Wmissing-format-attribute -Wundef -fPIC -fstack-protector -D_GNU_SOURCE -D_LARGEFILE64_SOURCE    -o CMakeFiles/cmTryCompileExec1515050534.dir/CMAKE_SIZEOF_UNSIGNED_SHORT.c.o   -c /home/maro/stuff/cUnitTest/cmocka-1.0.0/build/CMakeFiles/CheckTypeSize/CMAKE_SIZEOF_UNSIGNED_SHORT.c
Linking C executable cmTryCompileExec1515050534
/usr/bin/cmake -E cmake_link_script CMakeFiles/cmTryCompileExec1515050534.dir/link.txt --verbose=1
/usr/bin/cc   -std=gnu99 -pedantic -pedantic-errors -Wall -Wextra -Wshadow -Wmissing-prototypes -Wdeclaration-after-statement -Wunused -Wfloat-equal -Wpointer-arith -Wwrite-strings -Wformat-security -Wmissing-format-attribute -Wundef -fPIC -fstack-protector -D_GNU_SOURCE -D_LARGEFILE64_SOURCE     CMakeFiles/cmTryCompileExec1515050534.dir/CMAKE_SIZEOF_UNSIGNED_SHORT.c.o  -o cmTryCompileExec1515050534 -rdynamic -lrt 
make[1]: Leaving directory `/home/maro/stuff/cUnitTest/cmocka-1.0.0/build/CMakeFiles/CMakeTmp'


